WARNING:root:The OGB package is out of date. Your version is 1.3.5, while the latest version is 1.3.6.
Namespace(jjnorm=True, num_hops=6, output_emb_prefix='./ogbn-papers100M-jj.node-emb', pretrained_emb_path='None', root='./dataset')
Node Embeddings (111059956, 128)
Load adjusted graph... 10min
Computing adj... 10min
Start processing

  0%|          | 0/6 [00:00<?, ?it/s]Processing 1th features... 2051.6052668094635
shapes : [111059956, 128]

Calculate means 2107.0972571372986
Add norm values 2132.1409549713135
Test var : 0.6807376741865183
Time : 1825 | rsq : 0.0 | msq : 0.0 | alpha_sq : 680737.6875
Time : 1826 | rsq : 0.0 | msq : 0.0 | alpha_sq : 680737.6875
Time : 1827 | rsq : 0.0 | msq : 0.0 | alpha_sq : 680737.6875
Time : 1828 | rsq : 0.0 | msq : 0.0 | alpha_sq : 680737.6875
Time : 1829 | rsq : 0.0 | msq : 0.0 | alpha_sq : 680737.6875
Time : 1830 | rsq : 0.0 | msq : 0.0 | alpha_sq : 680737.6875
Time : 1831 | rsq : 0.0 | msq : 0.0 | alpha_sq : 680737.6875
Time : 1832 | rsq : 0.0 | msq : 0.0 | alpha_sq : 680737.6875
Time : 1833 | rsq : 0.0 | msq : 0.0 | alpha_sq : 680737.6875
Time : 1834 | rsq : 0.0 | msq : 0.0 | alpha_sq : 680737.6875
Time : 1835 | rsq : 0.0 | msq : 0.0 | alpha_sq : 680737.6875
Time : 1836 | rsq : 0.0 | msq : 0.0 | alpha_sq : 680737.6875
Time : 1837 | rsq : 0.0 | msq : 0.0 | alpha_sq : 680737.6875
Time : 1838 | rsq : 0.0 | msq : 0.0 | alpha_sq : 680737.6875
Time : 1839 | rsq : 0.0 | msq : 0.0 | alpha_sq : 680737.6875
Time : 1840 | rsq : 0.0 | msq : 0.0 | alpha_sq : 680737.6875
Time : 1841 | rsq : 0.0 | msq : 0.0 | alpha_sq : 680737.6875
Time : 1842 | rsq : 0.0 | msq : 0.0 | alpha_sq : 680737.6875
Time : 1843 | rsq : 0.0 | msq : 0.0 | alpha_sq : 680737.6875
Time : 1844 | rsq : 0.0 | msq : 0.0 | alpha_sq : 680737.6875
Time : 1845 | rsq : 0.0 | msq : 0.0 | alpha_sq : 680737.6875
Time : 1846 | rsq : 0.0 | msq : 0.0 | alpha_sq : 680737.6875
Time : 1847 | rsq : 0.0 | msq : 0.0 | alpha_sq : 680737.6875
Time : 1848 | rsq : 0.0 | msq : 0.0 | alpha_sq : 680737.6875
Time : 1849 | rsq : 0.0 | msq : 0.0 | alpha_sq : 680737.6875
Time : 1850 | rsq : 0.0 | msq : 0.0 | alpha_sq : 680737.6875
Time : 1851 | rsq : 0.0 | msq : 0.0 | alpha_sq : 680737.6875
Time : 1852 | rsq : 0.0 | msq : 0.0 | alpha_sq : 680737.6875
Time : 1853 | rsq : 0.0 | msq : 0.0 | alpha_sq : 680737.6875
Time : 1854 | rsq : 0.0 | msq : 0.0 | alpha_sq : 680737.6875
Time : 1855 | rsq : 0.0 | msq : 0.0 | alpha_sq : 680737.6875
Time : 1856 | rsq : 0.0 | msq : 0.0 | alpha_sq : 680737.6875
Time : 1857 | rsq : 0.0 | msq : 0.0 | alpha_sq : 680737.6875
Time : 1858 | rsq : 0.0 | msq : 0.0 | alpha_sq : 680737.6875
Time : 1859 | rsq : 0.0 | msq : 0.0 | alpha_sq : 680737.6875
Time : 1860 | rsq : 0.0 | msq : 0.0 | alpha_sq : 680737.6875
Time : 1861 | rsq : 0.0 | msq : 0.0 | alpha_sq : 680737.6875
Time : 1862 | rsq : 0.0 | msq : 0.0 | alpha_sq : 680737.6875
Time : 1863 | rsq : 0.0 | msq : 0.0 | alpha_sq : 680737.6875
Time : 1864 | rsq : 0.0 | msq : 0.0 | alpha_sq : 680737.6875
Time : 1865 | rsq : 0.0 | msq : 0.0 | alpha_sq : 680737.6875
Time : 1866 | rsq : 0.0 | msq : 0.0 | alpha_sq : 680737.6875
Time : 1867 | rsq : 0.0 | msq : 0.0 | alpha_sq : 680737.6875
Time : 1868 | rsq : 0.0 | msq : 0.0 | alpha_sq : 680737.6875
Time : 1869 | rsq : 0.0 | msq : 0.0 | alpha_sq : 680737.6875
Time : 1870 | rsq : 0.0 | msq : 0.0 | alpha_sq : 680737.6875
Time : 1871 | rsq : 0.0 | msq : 0.0 | alpha_sq : 680737.6875
Time : 1872 | rsq : 0.0 | msq : 0.0 | alpha_sq : 680737.6875
Time : 1873 | rsq : 0.0 | msq : 0.0 | alpha_sq : 680737.6875
Time : 1874 | rsq : 0.0 | msq : 0.0 | alpha_sq : 680737.6875
Time : 1875 | rsq : 0.0 | msq : 0.0 | alpha_sq : 680737.6875
Time : 1876 | rsq : 0.0 | msq : 0.0 | alpha_sq : 680737.6875
Time : 1877 | rsq : 0.0 | msq : 0.0 | alpha_sq : 680737.6875
Time : 1878 | rsq : 0.0 | msq : 0.0 | alpha_sq : 680737.6875
Time : 1879 | rsq : 0.0 | msq : 0.0 | alpha_sq : 680737.6875
Time : 1880 | rsq : 0.0 | msq : 0.0 | alpha_sq : 680737.6875
Time : 1881 | rsq : 0.0 | msq : 0.0 | alpha_sq : 680737.6875
Time : 1882 | rsq : 0.0 | msq : 0.0 | alpha_sq : 680737.6875
Time : 1883 | rsq : 0.0 | msq : 0.0 | alpha_sq : 680737.6875
Time : 1884 | rsq : 0.0 | msq : 0.0 | alpha_sq : 680737.6875
Time : 1885 | rsq : 0.0 | msq : 0.0 | alpha_sq : 680737.6875
Time : 1886 | rsq : 0.0 | msq : 0.0 | alpha_sq : 680737.6875
Time : 1887 | rsq : 0.0 | msq : 0.0 | alpha_sq : 680737.6875
Time : 1888 | rsq : 0.0 | msq : 0.0 | alpha_sq : 680737.6875
Time : 1889 | rsq : 0.0 | msq : 0.0 | alpha_sq : 680737.6875
Time : 1890 | rsq : 0.0 | msq : 0.0 | alpha_sq : 680737.6875
Time : 1891 | rsq : 0.0 | msq : 0.0 | alpha_sq : 680737.6875
Time : 1892 | rsq : 0.0 | msq : 0.0 | alpha_sq : 680737.6875
Time : 1893 | rsq : 0.0 | msq : 0.0 | alpha_sq : 680737.6875
Time : 1894 | rsq : 0.0 | msq : 0.0 | alpha_sq : 680737.6875
Time : 1895 | rsq : 0.0 | msq : 0.0 | alpha_sq : 680737.6875
Time : 1896 | rsq : 0.0 | msq : 0.0 | alpha_sq : 680737.6875
Time : 1897 | rsq : 0.0 | msq : 0.0 | alpha_sq : 680737.6875
Time : 1898 | rsq : 0.0 | msq : 0.0 | alpha_sq : 680737.6875
Time : 1899 | rsq : 0.0 | msq : 0.0 | alpha_sq : 680737.6875
Time : 1900 | rsq : 0.0 | msq : 0.0 | alpha_sq : 680737.6875
Time : 1901 | rsq : 0.0 | msq : 0.0 | alpha_sq : 680737.6875
Time : 1902 | rsq : 0.0 | msq : 0.0 | alpha_sq : 680737.6875
Time : 1903 | rsq : 0.0 | msq : 0.0 | alpha_sq : 680737.6875
Time : 1904 | rsq : 0.0 | msq : 0.0 | alpha_sq : 680737.6875
Time : 1905 | rsq : 0.0 | msq : 0.0 | alpha_sq : 680737.6875
Time : 1906 | rsq : 0.0 | msq : 0.0 | alpha_sq : 680737.6875
Time : 1907 | rsq : 0.0 | msq : 0.0 | alpha_sq : 680737.6875
Time : 1908 | rsq : 0.0 | msq : 0.0 | alpha_sq : 680737.6875
Time : 1909 | rsq : 0.0 | msq : 0.0 | alpha_sq : 680737.6875
Time : 1910 | rsq : 0.0 | msq : 0.0 | alpha_sq : 680737.6875
Time : 1911 | rsq : 0.0 | msq : 0.0 | alpha_sq : 680737.6875
Time : 1912 | rsq : 0.0 | msq : 0.0 | alpha_sq : 680737.6875
Time : 1913 | rsq : 0.0 | msq : 0.0 | alpha_sq : 680737.6875
Time : 1914 | rsq : 0.0 | msq : 0.0 | alpha_sq : 680737.6875
Time : 1915 | rsq : 0.0 | msq : 0.0 | alpha_sq : 680737.6875
Time : 1916 | rsq : 0.0 | msq : 0.0 | alpha_sq : 680737.6875
Time : 1917 | rsq : 0.0 | msq : 0.0 | alpha_sq : 680737.6875
Time : 1918 | rsq : 0.0 | msq : 0.0 | alpha_sq : 680737.6875
Time : 1919 | rsq : 0.0 | msq : 0.0 | alpha_sq : 680737.6875
Time : 1920 | rsq : 0.0 | msq : 0.0 | alpha_sq : 680737.6875
Time : 1921 | rsq : 0.0 | msq : 0.0 | alpha_sq : 680737.6875
Time : 1922 | rsq : 0.0 | msq : 0.0 | alpha_sq : 680737.6875
Time : 1923 | rsq : 0.0 | msq : 0.0 | alpha_sq : 680737.6875
Time : 1924 | rsq : 0.0 | msq : 0.0 | alpha_sq : 680737.6875
Time : 1925 | rsq : 0.0 | msq : 0.0 | alpha_sq : 680737.6875
Time : 1926 | rsq : 0.0 | msq : 0.0 | alpha_sq : 680737.6875
Time : 1927 | rsq : 0.0 | msq : 0.0 | alpha_sq : 680737.6875
Time : 1928 | rsq : 0.0 | msq : 0.0 | alpha_sq : 680737.6875
Time : 1929 | rsq : 0.0 | msq : 0.0 | alpha_sq : 680737.6875
Time : 1930 | rsq : 0.0 | msq : 0.0 | alpha_sq : 680737.6875
Time : 1931 | rsq : 0.0 | msq : 0.0 | alpha_sq : 680737.6875
Time : 1932 | rsq : 0.0 | msq : 0.0 | alpha_sq : 680737.6875
Time : 1933 | rsq : 0.0 | msq : 0.0 | alpha_sq : 680737.6875
Time : 1934 | rsq : 0.0 | msq : 0.0 | alpha_sq : 680737.6875
Time : 1935 | rsq : 0.0 | msq : 0.0 | alpha_sq : 680737.6875
Time : 1936 | rsq : 0.0 | msq : 0.0 | alpha_sq : 680737.6875
Time : 1937 | rsq : 0.0 | msq : 0.0 | alpha_sq : 680737.6875
Time : 1938 | rsq : 0.0 | msq : 0.0 | alpha_sq : 680737.6875
Time : 1939 | rsq : 0.0 | msq : 0.0 | alpha_sq : 680737.6875
Time : 1940 | rsq : 0.0 | msq : 0.0 | alpha_sq : 680737.6875
Time : 1941 | rsq : 0.0 | msq : 0.0 | alpha_sq : 680737.6875
Time : 1942 | rsq : 0.0 | msq : 0.0 | alpha_sq : 680737.6875
Time : 1943 | rsq : 0.0 | msq : 0.0 | alpha_sq : 680737.6875
Time : 1944 | rsq : 0.0 | msq : 0.0 | alpha_sq : 680737.6875
Time : 1945 | rsq : 0.0 | msq : 0.0 | alpha_sq : 680737.6875
Time : 1946 | rsq : 0.0 | msq : 0.0 | alpha_sq : 680737.6875
Time : 1947 | rsq : 0.0 | msq : 0.0 | alpha_sq : 680737.6875
Time : 1948 | rsq : 0.0 | msq : 0.0 | alpha_sq : 680737.6875
Time : 1949 | rsq : 0.0 | msq : 0.0 | alpha_sq : 680737.6875
Time : 1950 | rsq : 0.0 | msq : 0.0 | alpha_sq : 680737.6875
Time : 1951 | rsq : 0.0 | msq : 0.0 | alpha_sq : 680737.6875
Time : 1952 | rsq : 0.0 | msq : 0.0 | alpha_sq : 680737.6875
Time : 1953 | rsq : 0.0 | msq : 0.0 | alpha_sq : 680737.6875
Time : 1954 | rsq : 0.0 | msq : 0.0 | alpha_sq : 680737.6875
Time : 1955 | rsq : 0.0 | msq : 0.0 | alpha_sq : 680737.6875
Time : 1956 | rsq : 0.8124192953109741 | msq : 0.0 | alpha_sq : 0.837914228439331
Time : 1957 | rsq : 0.0 | msq : 0.0 | alpha_sq : 680737.6875
Time : 1958 | rsq : 0.0 | msq : 0.0 | alpha_sq : 680737.6875
Time : 1959 | rsq : 0.0 | msq : 0.0 | alpha_sq : 680737.6875
Time : 1960 | rsq : 0.0 | msq : 0.0 | alpha_sq : 680737.6875
Time : 1961 | rsq : 0.0 | msq : 0.0 | alpha_sq : 680737.6875
Time : 1962 | rsq : 0.0 | msq : 0.0 | alpha_sq : 680737.6875
Time : 1963 | rsq : 0.0 | msq : 0.0 | alpha_sq : 680737.6875
Time : 1964 | rsq : 0.0 | msq : 0.0 | alpha_sq : 680737.6875
Time : 1965 | rsq : 0.0 | msq : 0.0 | alpha_sq : 680737.6875
Time : 1966 | rsq : 0.0 | msq : 0.0 | alpha_sq : 680737.6875
Time : 1967 | rsq : 0.0 | msq : 5.459120273590088 | alpha_sq : -4778383.0
Time : 1968 | rsq : 0.0 | msq : 0.6304492950439453 | alpha_sq : 50288.37890625
Time : 1969 | rsq : 0.0 | msq : 0.0 | alpha_sq : 680737.6875
Time : 1970 | rsq : 0.43021631240844727 | msq : 0.4786900579929352 | alpha_sq : 0.46964192390441895
Time : 1971 | rsq : 0.0 | msq : 234.49862670898438 | alpha_sq : -233817888.0
Time : 1972 | rsq : 0.0 | msq : 2.3569259643554688 | alpha_sq : -1676188.25
Time : 1973 | rsq : 0.0 | msq : 0.0 | alpha_sq : 680737.6875
Time : 1974 | rsq : 0.0 | msq : 0.0 | alpha_sq : 680737.6875
Time : 1975 | rsq : 0.0 | msq : 32.548362731933594 | alpha_sq : -31867624.0
Time : 1976 | rsq : 0.0 | msq : 0.0 | alpha_sq : 680737.6875
Time : 1977 | rsq : 0.0 | msq : 1.9316539764404297 | alpha_sq : -1250916.25
Time : 1978 | rsq : 0.0 | msq : 14.089146614074707 | alpha_sq : -13408409.0
Time : 1979 | rsq : 2.365957021713257 | msq : 0.0 | alpha_sq : 0.2877219021320343
Time : 1980 | rsq : 0.0 | msq : 0.16505558788776398 | alpha_sq : 515682.09375
Time : 1981 | rsq : 0.0 | msq : 1.2146323919296265 | alpha_sq : -533894.75
Time : 1982 | rsq : 0.05260707065463066 | msq : 0.968073308467865 | alpha_sq : -5.461920261383057
Time : 1983 | rsq : 0.16367769241333008 | msq : 3.4550418853759766 | alpha_sq : -16.949800491333008
Time : 1984 | rsq : 0.029977500438690186 | msq : 1.2997386455535889 | alpha_sq : -20.64885139465332
Time : 1985 | rsq : 2.3328802585601807 | msq : 2.369288921356201 | alpha_sq : -0.7238053679466248
Time : 1986 | rsq : 0.8684106469154358 | msq : 3.7685563564300537 | alpha_sq : -3.5557124614715576
Time : 1987 | rsq : 1.1878023147583008 | msq : 0.9485917687416077 | alpha_sq : -0.22550393640995026
Time : 1988 | rsq : 6.813697338104248 | msq : 1.5906108617782593 | alpha_sq : -0.13353589177131653
Time : 1989 | rsq : 4.563199043273926 | msq : 7.5401411056518555 | alpha_sq : -1.503200650215149
Time : 1990 | rsq : 0.861789882183075 | msq : 8.203137397766113 | alpha_sq : -8.728809356689453
Time : 1991 | rsq : 1.9801990985870361 | msq : 1.5415971279144287 | alpha_sq : -0.4347337782382965
Time : 1992 | rsq : 2.1695616245269775 | msq : 0.2548704147338867 | alpha_sq : 0.19629184901714325
Time : 1993 | rsq : 2.374457597732544 | msq : 0.2262410670518875 | alpha_sq : 0.19141072034835815
Time : 1994 | rsq : 2.0829594135284424 | msq : 0.23595625162124634 | alpha_sq : 0.2135334014892578
Time : 1995 | rsq : 2.5183541774749756 | msq : 0.3075610101222992 | alpha_sq : 0.14818274974822998
Time : 1996 | rsq : 2.275541305541992 | msq : 0.2579750418663025 | alpha_sq : 0.18578551709651947
Time : 1997 | rsq : 2.141317367553711 | msq : 0.27448078989982605 | alpha_sq : 0.18972288072109222
Time : 1998 | rsq : 2.5045554637908936 | msq : 0.29001206159591675 | alpha_sq : 0.15600597858428955
Time : 1999 | rsq : 2.452683448791504 | msq : 0.32351964712142944 | alpha_sq : 0.14564375579357147
Time : 2000 | rsq : 2.170229196548462 | msq : 0.3054412305355072 | alpha_sq : 0.17292940616607666
Time : 2001 | rsq : 2.2510764598846436 | msq : 0.3316778838634491 | alpha_sq : 0.15506349503993988
Time : 2002 | rsq : 2.2021634578704834 | msq : 0.34775686264038086 | alpha_sq : 0.15120622515678406
Time : 2003 | rsq : 2.0815045833587646 | msq : 0.36398229002952576 | alpha_sq : 0.152176171541214
Time : 2004 | rsq : 2.047135591506958 | msq : 0.3599730432033539 | alpha_sq : 0.15668949484825134
Time : 2005 | rsq : 1.9435365200042725 | msq : 0.3606526255607605 | alpha_sq : 0.16469207406044006
Time : 2006 | rsq : 1.7679308652877808 | msq : 0.36393609642982483 | alpha_sq : 0.1791934221982956
Time : 2007 | rsq : 1.689862608909607 | msq : 0.3557969629764557 | alpha_sq : 0.19228824973106384
Time : 2008 | rsq : 1.7384278774261475 | msq : 0.3463449776172638 | alpha_sq : 0.1923535019159317
Time : 2009 | rsq : 1.6127485036849976 | msq : 0.36389216780662537 | alpha_sq : 0.19646306335926056
Time : 2010 | rsq : 1.548383355140686 | msq : 0.34638381004333496 | alpha_sq : 0.21593739092350006
Time : 2011 | rsq : 1.3451186418533325 | msq : 0.33536526560783386 | alpha_sq : 0.2567598223686218
Time : 2012 | rsq : 1.2052093744277954 | msq : 0.32496219873428345 | alpha_sq : 0.2951980531215668
Time : 2013 | rsq : 1.2592236995697021 | msq : 0.33162519335746765 | alpha_sq : 0.2772442102432251
Time : 2014 | rsq : 1.3273802995681763 | msq : 0.29695385694503784 | alpha_sq : 0.28912875056266785
Time : 2015 | rsq : 1.1616103649139404 | msq : 0.2871689200401306 | alpha_sq : 0.33881306648254395
Time : 2016 | rsq : 0.9116119146347046 | msq : 0.26368439197540283 | alpha_sq : 0.457489937543869
Time : 2017 | rsq : 0.8338417410850525 | msq : 0.25318443775177 | alpha_sq : 0.512751042842865
Modify train feats 2199.003108739853

 17%|?–ˆ?–‹        | 1/6 [19:44<1:38:42, 1184.54s/it]Processing 2th features... 3258.90109539032
shapes : [111059956, 128]

Calculate means 3281.879295349121
Add norm values 3305.8938484191895
Test var : 0.7512843623180889
Time : 1825 | rsq : 0.0 | msq : 0.0 | alpha_sq : 751284.375
Time : 1826 | rsq : 0.0 | msq : 0.0 | alpha_sq : 751284.375
Time : 1827 | rsq : 0.0 | msq : 0.0 | alpha_sq : 751284.375
Time : 1828 | rsq : 0.0 | msq : 0.0 | alpha_sq : 751284.375
Time : 1829 | rsq : 0.0 | msq : 0.0 | alpha_sq : 751284.375
Time : 1830 | rsq : 0.0 | msq : 0.0 | alpha_sq : 751284.375
Time : 1831 | rsq : 0.0 | msq : 0.0 | alpha_sq : 751284.375
Time : 1832 | rsq : 0.0 | msq : 0.0 | alpha_sq : 751284.375
Time : 1833 | rsq : 0.0 | msq : 0.0 | alpha_sq : 751284.375
Time : 1834 | rsq : 0.0 | msq : 0.0 | alpha_sq : 751284.375
Time : 1835 | rsq : 0.0 | msq : 0.0 | alpha_sq : 751284.375
Time : 1836 | rsq : 0.0 | msq : 0.0 | alpha_sq : 751284.375
Time : 1837 | rsq : 0.0 | msq : 0.0 | alpha_sq : 751284.375
Time : 1838 | rsq : 0.0 | msq : 0.0 | alpha_sq : 751284.375
Time : 1839 | rsq : 0.0 | msq : 0.0 | alpha_sq : 751284.375
Time : 1840 | rsq : 0.0 | msq : 0.0 | alpha_sq : 751284.375
Time : 1841 | rsq : 0.0 | msq : 0.0 | alpha_sq : 751284.375
Time : 1842 | rsq : 0.0 | msq : 0.0 | alpha_sq : 751284.375
Time : 1843 | rsq : 0.0 | msq : 0.0 | alpha_sq : 751284.375
Time : 1844 | rsq : 0.0 | msq : 0.0 | alpha_sq : 751284.375
Time : 1845 | rsq : 0.0 | msq : 0.0 | alpha_sq : 751284.375
Time : 1846 | rsq : 0.0 | msq : 0.0 | alpha_sq : 751284.375
Time : 1847 | rsq : 0.0 | msq : 0.0 | alpha_sq : 751284.375
Time : 1848 | rsq : 0.0 | msq : 0.0 | alpha_sq : 751284.375
Time : 1849 | rsq : 0.0 | msq : 0.0 | alpha_sq : 751284.375
Time : 1850 | rsq : 0.0 | msq : 0.0 | alpha_sq : 751284.375
Time : 1851 | rsq : 0.0 | msq : 0.0 | alpha_sq : 751284.375
Time : 1852 | rsq : 0.0 | msq : 0.0 | alpha_sq : 751284.375
Time : 1853 | rsq : 0.0 | msq : 0.0 | alpha_sq : 751284.375
Time : 1854 | rsq : 0.0 | msq : 0.0 | alpha_sq : 751284.375
Time : 1855 | rsq : 0.0 | msq : 0.0 | alpha_sq : 751284.375
Time : 1856 | rsq : 0.0 | msq : 0.0 | alpha_sq : 751284.375
Time : 1857 | rsq : 0.0 | msq : 0.0 | alpha_sq : 751284.375
Time : 1858 | rsq : 0.0 | msq : 0.0 | alpha_sq : 751284.375
Time : 1859 | rsq : 0.0 | msq : 0.0 | alpha_sq : 751284.375
Time : 1860 | rsq : 0.0 | msq : 0.0 | alpha_sq : 751284.375
Time : 1861 | rsq : 0.0 | msq : 0.0 | alpha_sq : 751284.375
Time : 1862 | rsq : 0.0 | msq : 0.0 | alpha_sq : 751284.375
Time : 1863 | rsq : 0.0 | msq : 0.0 | alpha_sq : 751284.375
Time : 1864 | rsq : 0.0 | msq : 0.0 | alpha_sq : 751284.375
Time : 1865 | rsq : 0.0 | msq : 0.0 | alpha_sq : 751284.375
Time : 1866 | rsq : 0.0 | msq : 0.0 | alpha_sq : 751284.375
Time : 1867 | rsq : 0.0 | msq : 0.0 | alpha_sq : 751284.375
Time : 1868 | rsq : 0.0 | msq : 0.0 | alpha_sq : 751284.375
Time : 1869 | rsq : 0.0 | msq : 0.0 | alpha_sq : 751284.375
Time : 1870 | rsq : 0.0 | msq : 0.0 | alpha_sq : 751284.375
Time : 1871 | rsq : 0.0 | msq : 0.0 | alpha_sq : 751284.375
Time : 1872 | rsq : 0.0 | msq : 0.0 | alpha_sq : 751284.375
Time : 1873 | rsq : 0.0 | msq : 0.0 | alpha_sq : 751284.375
Time : 1874 | rsq : 0.0 | msq : 0.0 | alpha_sq : 751284.375
Time : 1875 | rsq : 0.0 | msq : 0.0 | alpha_sq : 751284.375
Time : 1876 | rsq : 0.0 | msq : 0.0 | alpha_sq : 751284.375
Time : 1877 | rsq : 0.0 | msq : 0.0 | alpha_sq : 751284.375
Time : 1878 | rsq : 0.0 | msq : 0.0 | alpha_sq : 751284.375
Time : 1879 | rsq : 0.0 | msq : 0.0 | alpha_sq : 751284.375
Time : 1880 | rsq : 0.0 | msq : 0.0 | alpha_sq : 751284.375
Time : 1881 | rsq : 0.0 | msq : 0.0 | alpha_sq : 751284.375
Time : 1882 | rsq : 0.0 | msq : 0.0 | alpha_sq : 751284.375
Time : 1883 | rsq : 0.0 | msq : 0.0 | alpha_sq : 751284.375
Time : 1884 | rsq : 0.0 | msq : 0.0 | alpha_sq : 751284.375
Time : 1885 | rsq : 0.0 | msq : 0.0 | alpha_sq : 751284.375
Time : 1886 | rsq : 0.0 | msq : 0.0 | alpha_sq : 751284.375
Time : 1887 | rsq : 0.0 | msq : 0.0 | alpha_sq : 751284.375
Time : 1888 | rsq : 0.0 | msq : 0.0 | alpha_sq : 751284.375
Time : 1889 | rsq : 0.0 | msq : 0.0 | alpha_sq : 751284.375
Time : 1890 | rsq : 0.0 | msq : 0.0 | alpha_sq : 751284.375
Time : 1891 | rsq : 0.0 | msq : 0.0 | alpha_sq : 751284.375
Time : 1892 | rsq : 0.0 | msq : 0.0 | alpha_sq : 751284.375
Time : 1893 | rsq : 0.0 | msq : 0.0 | alpha_sq : 751284.375
Time : 1894 | rsq : 0.0 | msq : 0.0 | alpha_sq : 751284.375
Time : 1895 | rsq : 0.0 | msq : 0.0 | alpha_sq : 751284.375
Time : 1896 | rsq : 0.0 | msq : 0.0 | alpha_sq : 751284.375
Time : 1897 | rsq : 0.0 | msq : 0.0 | alpha_sq : 751284.375
Time : 1898 | rsq : 0.0 | msq : 0.0 | alpha_sq : 751284.375
Time : 1899 | rsq : 0.0 | msq : 0.0 | alpha_sq : 751284.375
Time : 1900 | rsq : 0.0 | msq : 0.0 | alpha_sq : 751284.375
Time : 1901 | rsq : 0.0 | msq : 0.0 | alpha_sq : 751284.375
Time : 1902 | rsq : 0.0 | msq : 0.0 | alpha_sq : 751284.375
Time : 1903 | rsq : 0.0 | msq : 0.0 | alpha_sq : 751284.375
Time : 1904 | rsq : 0.0 | msq : 0.0 | alpha_sq : 751284.375
Time : 1905 | rsq : 0.0 | msq : 0.0 | alpha_sq : 751284.375
Time : 1906 | rsq : 0.0 | msq : 0.0 | alpha_sq : 751284.375
Time : 1907 | rsq : 0.0 | msq : 0.0 | alpha_sq : 751284.375
Time : 1908 | rsq : 0.0 | msq : 0.0 | alpha_sq : 751284.375
Time : 1909 | rsq : 0.0 | msq : 0.0 | alpha_sq : 751284.375
Time : 1910 | rsq : 0.0 | msq : 0.0 | alpha_sq : 751284.375
Time : 1911 | rsq : 0.0 | msq : 0.0 | alpha_sq : 751284.375
Time : 1912 | rsq : 0.0 | msq : 0.0 | alpha_sq : 751284.375
Time : 1913 | rsq : 0.0 | msq : 0.0 | alpha_sq : 751284.375
Time : 1914 | rsq : 0.0 | msq : 0.0 | alpha_sq : 751284.375
Time : 1915 | rsq : 0.0 | msq : 0.0 | alpha_sq : 751284.375
Time : 1916 | rsq : 0.0 | msq : 0.0 | alpha_sq : 751284.375
Time : 1917 | rsq : 0.0 | msq : 0.0 | alpha_sq : 751284.375
Time : 1918 | rsq : 0.0 | msq : 0.0 | alpha_sq : 751284.375
Time : 1919 | rsq : 0.0 | msq : 0.0 | alpha_sq : 751284.375
Time : 1920 | rsq : 0.0 | msq : 0.0 | alpha_sq : 751284.375
Time : 1921 | rsq : 0.0 | msq : 0.0 | alpha_sq : 751284.375
Time : 1922 | rsq : 0.0 | msq : 0.0 | alpha_sq : 751284.375
Time : 1923 | rsq : 0.0 | msq : 0.0 | alpha_sq : 751284.375
Time : 1924 | rsq : 0.0 | msq : 0.0 | alpha_sq : 751284.375
Time : 1925 | rsq : 0.0 | msq : 0.0 | alpha_sq : 751284.375
Time : 1926 | rsq : 0.0 | msq : 0.0 | alpha_sq : 751284.375
Time : 1927 | rsq : 0.0 | msq : 0.0 | alpha_sq : 751284.375
Time : 1928 | rsq : 0.0 | msq : 0.0 | alpha_sq : 751284.375
Time : 1929 | rsq : 0.0 | msq : 0.0 | alpha_sq : 751284.375
Time : 1930 | rsq : 0.0 | msq : 0.0 | alpha_sq : 751284.375
Time : 1931 | rsq : 0.0 | msq : 0.0 | alpha_sq : 751284.375
Time : 1932 | rsq : 0.0 | msq : 0.0 | alpha_sq : 751284.375
Time : 1933 | rsq : 0.0 | msq : 0.0 | alpha_sq : 751284.375
Time : 1934 | rsq : 0.0 | msq : 0.0 | alpha_sq : 751284.375
Time : 1935 | rsq : 0.0 | msq : 0.0 | alpha_sq : 751284.375
Time : 1936 | rsq : 0.0 | msq : 0.0 | alpha_sq : 751284.375
Time : 1937 | rsq : 0.0 | msq : 0.0 | alpha_sq : 751284.375
Time : 1938 | rsq : 0.0 | msq : 0.0 | alpha_sq : 751284.375
Time : 1939 | rsq : 0.0 | msq : 0.0 | alpha_sq : 751284.375
Time : 1940 | rsq : 0.0 | msq : 0.0 | alpha_sq : 751284.375
Time : 1941 | rsq : 0.0 | msq : 0.0 | alpha_sq : 751284.375
Time : 1942 | rsq : 0.0 | msq : 0.0 | alpha_sq : 751284.375
Time : 1943 | rsq : 0.0 | msq : 0.0 | alpha_sq : 751284.375
Time : 1944 | rsq : 0.0 | msq : 0.0 | alpha_sq : 751284.375
Time : 1945 | rsq : 0.0 | msq : 0.0 | alpha_sq : 751284.375
Time : 1946 | rsq : 0.0 | msq : 0.0 | alpha_sq : 751284.375
Time : 1947 | rsq : 0.0 | msq : 0.0 | alpha_sq : 751284.375
Time : 1948 | rsq : 0.0 | msq : 0.0 | alpha_sq : 751284.375
Time : 1949 | rsq : 0.0 | msq : 0.0 | alpha_sq : 751284.375
Time : 1950 | rsq : 0.0 | msq : 0.0 | alpha_sq : 751284.375
Time : 1951 | rsq : 0.0 | msq : 0.0 | alpha_sq : 751284.375
Time : 1952 | rsq : 0.0 | msq : 0.0 | alpha_sq : 751284.375
Time : 1953 | rsq : 0.0 | msq : 0.0 | alpha_sq : 751284.375
Time : 1954 | rsq : 0.0 | msq : 0.0 | alpha_sq : 751284.375
Time : 1955 | rsq : 0.0 | msq : 0.0 | alpha_sq : 751284.375
Time : 1956 | rsq : 0.5647972822189331 | msq : 0.0 | alpha_sq : 1.3301841020584106
Time : 1957 | rsq : 0.0 | msq : 0.0 | alpha_sq : 751284.375
Time : 1958 | rsq : 0.0 | msq : 0.0 | alpha_sq : 751284.375
Time : 1959 | rsq : 0.0 | msq : 0.0 | alpha_sq : 751284.375
Time : 1960 | rsq : 0.0 | msq : 0.0 | alpha_sq : 751284.375
Time : 1961 | rsq : 0.0 | msq : 0.0 | alpha_sq : 751284.375
Time : 1962 | rsq : 0.0 | msq : 0.0 | alpha_sq : 751284.375
Time : 1963 | rsq : 0.0 | msq : 0.0 | alpha_sq : 751284.375
Time : 1964 | rsq : 0.0 | msq : 0.0 | alpha_sq : 751284.375
Time : 1965 | rsq : 0.0 | msq : 0.0 | alpha_sq : 751284.375
Time : 1966 | rsq : 0.0 | msq : 0.0 | alpha_sq : 751284.375
Time : 1967 | rsq : 0.0 | msq : 3.1258623600006104 | alpha_sq : -2374578.0
Time : 1968 | rsq : 0.0 | msq : 0.7861365079879761 | alpha_sq : -34852.1484375
Time : 1969 | rsq : 0.0 | msq : 0.0 | alpha_sq : 751284.375
Time : 1970 | rsq : 0.22056856751441956 | msq : 0.25988417863845825 | alpha_sq : 2.227879524230957
Time : 1971 | rsq : 0.0 | msq : 82.16571044921875 | alpha_sq : -81414432.0
Time : 1972 | rsq : 0.0 | msq : 1.5484999418258667 | alpha_sq : -797215.5625
Time : 1973 | rsq : 0.0 | msq : 0.0 | alpha_sq : 751284.375
Time : 1974 | rsq : 0.0 | msq : 0.0 | alpha_sq : 751284.375
Time : 1975 | rsq : 0.0 | msq : 12.833991050720215 | alpha_sq : -12082706.0
Time : 1976 | rsq : 0.0 | msq : 0.0 | alpha_sq : 751284.375
Time : 1977 | rsq : 0.0 | msq : 1.289746880531311 | alpha_sq : -538462.5
Time : 1978 | rsq : 0.0 | msq : 9.495158195495605 | alpha_sq : -8743874.0
Time : 1979 | rsq : 0.4073849022388458 | msq : 0.0 | alpha_sq : 1.8441635370254517
Time : 1980 | rsq : 0.0 | msq : 0.44315066933631897 | alpha_sq : 308133.6875
Time : 1981 | rsq : 0.0 | msq : 1.4217067956924438 | alpha_sq : -670422.4375
Time : 1982 | rsq : 0.020361347123980522 | msq : 0.7352315783500671 | alpha_sq : 0.7883949279785156
Time : 1983 | rsq : 0.08473257720470428 | msq : 2.1537232398986816 | alpha_sq : -16.551353454589844
Time : 1984 | rsq : 0.017388589680194855 | msq : 1.2502901554107666 | alpha_sq : -28.69731330871582
Time : 1985 | rsq : 2.1729207038879395 | msq : 1.3397234678268433 | alpha_sq : -0.27080559730529785
Time : 1986 | rsq : 0.4501214921474457 | msq : 2.4398815631866455 | alpha_sq : -3.7514255046844482
Time : 1987 | rsq : 0.953018844127655 | msq : 0.7446948289871216 | alpha_sq : 0.006914377212524414
Time : 1988 | rsq : 4.039289951324463 | msq : 0.9766744375228882 | alpha_sq : -0.05579942837357521
Time : 1989 | rsq : 1.9899258613586426 | msq : 3.4167654514312744 | alpha_sq : -1.3394876718521118
Time : 1990 | rsq : 0.5531702041625977 | msq : 3.8039462566375732 | alpha_sq : -5.5184855461120605
Time : 1991 | rsq : 1.2500934600830078 | msq : 0.9725449681282043 | alpha_sq : -0.17699524760246277
Time : 1992 | rsq : 1.3857815265655518 | msq : 0.16773580014705658 | alpha_sq : 0.421097069978714
Time : 1993 | rsq : 1.461867332458496 | msq : 0.15920016169548035 | alpha_sq : 0.405019074678421
Time : 1994 | rsq : 1.3751139640808105 | msq : 0.1752089411020279 | alpha_sq : 0.41892921924591064
Time : 1995 | rsq : 1.5631844997406006 | msq : 0.21280401945114136 | alpha_sq : 0.34447652101516724
Time : 1996 | rsq : 1.4384149312973022 | msq : 0.1941874921321869 | alpha_sq : 0.387299120426178
Time : 1997 | rsq : 1.3778380155563354 | msq : 0.20850133895874023 | alpha_sq : 0.39393818378448486
Time : 1998 | rsq : 1.5211766958236694 | msq : 0.2171388566493988 | alpha_sq : 0.3511396646499634
Time : 1999 | rsq : 1.4594937562942505 | msq : 0.2386937439441681 | alpha_sq : 0.3512112498283386
Time : 2000 | rsq : 1.3518911600112915 | msq : 0.23369856178760529 | alpha_sq : 0.38286057114601135
Time : 2001 | rsq : 1.3999128341674805 | msq : 0.2602737843990326 | alpha_sq : 0.35074368119239807
Time : 2002 | rsq : 1.3492822647094727 | msq : 0.27128034830093384 | alpha_sq : 0.35574766993522644
Time : 2003 | rsq : 1.3255748748779297 | msq : 0.29333755373954773 | alpha_sq : 0.3454703390598297
Time : 2004 | rsq : 1.2871840000152588 | msq : 0.29332685470581055 | alpha_sq : 0.35578247904777527
Time : 2005 | rsq : 1.2529622316360474 | msq : 0.29649797081947327 | alpha_sq : 0.36296895146369934
Time : 2006 | rsq : 1.154539942741394 | msq : 0.3046434223651886 | alpha_sq : 0.38685619831085205
Time : 2007 | rsq : 1.100031852722168 | msq : 0.29749780893325806 | alpha_sq : 0.41252127289772034
Time : 2008 | rsq : 1.1088554859161377 | msq : 0.29674410820007324 | alpha_sq : 0.4099183976650238
Time : 2009 | rsq : 1.0474638938903809 | msq : 0.318749338388443 | alpha_sq : 0.4129354953765869
Time : 2010 | rsq : 1.010337233543396 | msq : 0.29906919598579407 | alpha_sq : 0.44758835434913635
Time : 2011 | rsq : 0.9185308814048767 | msq : 0.2951139211654663 | alpha_sq : 0.4966304898262024
Time : 2012 | rsq : 0.8542030453681946 | msq : 0.2940748631954193 | alpha_sq : 0.5352468490600586
Time : 2013 | rsq : 0.8450415730476379 | msq : 0.3110569417476654 | alpha_sq : 0.5209535360336304
Time : 2014 | rsq : 0.8243873119354248 | msq : 0.28672024607658386 | alpha_sq : 0.5635265111923218
Time : 2015 | rsq : 0.7667383551597595 | msq : 0.28256848454475403 | alpha_sq : 0.6113113760948181
Time : 2016 | rsq : 0.675631582736969 | msq : 0.27489423751831055 | alpha_sq : 0.7051033973693848
Time : 2017 | rsq : 0.6440291404724121 | msq : 0.2644343078136444 | alpha_sq : 0.7559441328048706
Modify train feats 3370.76806139946

 33%|?–ˆ?–ˆ?–ˆ?–Ž      | 2/6 [39:11<1:18:16, 1174.08s/it]Processing 3th features... 4409.493167638779
shapes : [111059956, 128]

Calculate means 4430.5552887916565
Add norm values 4454.499525308609
Test var : 0.6049796638731599
Time : 1825 | rsq : 0.0 | msq : 0.0 | alpha_sq : 604979.625
Time : 1826 | rsq : 0.0 | msq : 0.0 | alpha_sq : 604979.625
Time : 1827 | rsq : 0.0 | msq : 0.0 | alpha_sq : 604979.625
Time : 1828 | rsq : 0.0 | msq : 0.0 | alpha_sq : 604979.625
Time : 1829 | rsq : 0.0 | msq : 0.0 | alpha_sq : 604979.625
Time : 1830 | rsq : 0.0 | msq : 0.0 | alpha_sq : 604979.625
Time : 1831 | rsq : 0.0 | msq : 0.0 | alpha_sq : 604979.625
Time : 1832 | rsq : 0.0 | msq : 0.0 | alpha_sq : 604979.625
Time : 1833 | rsq : 0.0 | msq : 0.0 | alpha_sq : 604979.625
Time : 1834 | rsq : 0.0 | msq : 0.0 | alpha_sq : 604979.625
Time : 1835 | rsq : 0.0 | msq : 0.0 | alpha_sq : 604979.625
Time : 1836 | rsq : 0.0 | msq : 0.0 | alpha_sq : 604979.625
Time : 1837 | rsq : 0.0 | msq : 0.0 | alpha_sq : 604979.625
Time : 1838 | rsq : 0.0 | msq : 0.0 | alpha_sq : 604979.625
Time : 1839 | rsq : 0.0 | msq : 0.0 | alpha_sq : 604979.625
Time : 1840 | rsq : 0.0 | msq : 0.0 | alpha_sq : 604979.625
Time : 1841 | rsq : 0.0 | msq : 0.0 | alpha_sq : 604979.625
Time : 1842 | rsq : 0.0 | msq : 0.0 | alpha_sq : 604979.625
Time : 1843 | rsq : 0.0 | msq : 0.0 | alpha_sq : 604979.625
Time : 1844 | rsq : 0.0 | msq : 0.0 | alpha_sq : 604979.625
Time : 1845 | rsq : 0.0 | msq : 0.0 | alpha_sq : 604979.625
Time : 1846 | rsq : 0.0 | msq : 0.0 | alpha_sq : 604979.625
Time : 1847 | rsq : 0.0 | msq : 0.0 | alpha_sq : 604979.625
Time : 1848 | rsq : 0.0 | msq : 0.0 | alpha_sq : 604979.625
Time : 1849 | rsq : 0.0 | msq : 0.0 | alpha_sq : 604979.625
Time : 1850 | rsq : 0.0 | msq : 0.0 | alpha_sq : 604979.625
Time : 1851 | rsq : 0.0 | msq : 0.0 | alpha_sq : 604979.625
Time : 1852 | rsq : 0.0 | msq : 0.0 | alpha_sq : 604979.625
Time : 1853 | rsq : 0.0 | msq : 0.0 | alpha_sq : 604979.625
Time : 1854 | rsq : 0.0 | msq : 0.0 | alpha_sq : 604979.625
Time : 1855 | rsq : 0.0 | msq : 0.0 | alpha_sq : 604979.625
Time : 1856 | rsq : 0.0 | msq : 0.0 | alpha_sq : 604979.625
Time : 1857 | rsq : 0.0 | msq : 0.0 | alpha_sq : 604979.625
Time : 1858 | rsq : 0.0 | msq : 0.0 | alpha_sq : 604979.625
Time : 1859 | rsq : 0.0 | msq : 0.0 | alpha_sq : 604979.625
Time : 1860 | rsq : 0.0 | msq : 0.0 | alpha_sq : 604979.625
Time : 1861 | rsq : 0.0 | msq : 0.0 | alpha_sq : 604979.625
Time : 1862 | rsq : 0.0 | msq : 0.0 | alpha_sq : 604979.625
Time : 1863 | rsq : 0.0 | msq : 0.0 | alpha_sq : 604979.625
Time : 1864 | rsq : 0.0 | msq : 0.0 | alpha_sq : 604979.625
Time : 1865 | rsq : 0.0 | msq : 0.0 | alpha_sq : 604979.625
Time : 1866 | rsq : 0.0 | msq : 0.0 | alpha_sq : 604979.625
Time : 1867 | rsq : 0.0 | msq : 0.0 | alpha_sq : 604979.625
Time : 1868 | rsq : 0.0 | msq : 0.0 | alpha_sq : 604979.625
Time : 1869 | rsq : 0.0 | msq : 0.0 | alpha_sq : 604979.625
Time : 1870 | rsq : 0.0 | msq : 0.0 | alpha_sq : 604979.625
Time : 1871 | rsq : 0.0 | msq : 0.0 | alpha_sq : 604979.625
Time : 1872 | rsq : 0.0 | msq : 0.0 | alpha_sq : 604979.625
Time : 1873 | rsq : 0.0 | msq : 0.0 | alpha_sq : 604979.625
Time : 1874 | rsq : 0.0 | msq : 0.0 | alpha_sq : 604979.625
Time : 1875 | rsq : 0.0 | msq : 0.0 | alpha_sq : 604979.625
Time : 1876 | rsq : 0.0 | msq : 0.0 | alpha_sq : 604979.625
Time : 1877 | rsq : 0.0 | msq : 0.0 | alpha_sq : 604979.625
Time : 1878 | rsq : 0.0 | msq : 0.0 | alpha_sq : 604979.625
Time : 1879 | rsq : 0.0 | msq : 0.0 | alpha_sq : 604979.625
Time : 1880 | rsq : 0.0 | msq : 0.0 | alpha_sq : 604979.625
Time : 1881 | rsq : 0.0 | msq : 0.0 | alpha_sq : 604979.625
Time : 1882 | rsq : 0.0 | msq : 0.0 | alpha_sq : 604979.625
Time : 1883 | rsq : 0.0 | msq : 0.0 | alpha_sq : 604979.625
Time : 1884 | rsq : 0.0 | msq : 0.0 | alpha_sq : 604979.625
Time : 1885 | rsq : 0.0 | msq : 0.0 | alpha_sq : 604979.625
Time : 1886 | rsq : 0.0 | msq : 0.0 | alpha_sq : 604979.625
Time : 1887 | rsq : 0.0 | msq : 0.0 | alpha_sq : 604979.625
Time : 1888 | rsq : 0.0 | msq : 0.0 | alpha_sq : 604979.625
Time : 1889 | rsq : 0.0 | msq : 0.0 | alpha_sq : 604979.625
Time : 1890 | rsq : 0.0 | msq : 0.0 | alpha_sq : 604979.625
Time : 1891 | rsq : 0.0 | msq : 0.0 | alpha_sq : 604979.625
Time : 1892 | rsq : 0.0 | msq : 0.0 | alpha_sq : 604979.625
Time : 1893 | rsq : 0.0 | msq : 0.0 | alpha_sq : 604979.625
Time : 1894 | rsq : 0.0 | msq : 0.0 | alpha_sq : 604979.625
Time : 1895 | rsq : 0.0 | msq : 0.0 | alpha_sq : 604979.625
Time : 1896 | rsq : 0.0 | msq : 0.0 | alpha_sq : 604979.625
Time : 1897 | rsq : 0.0 | msq : 0.0 | alpha_sq : 604979.625
Time : 1898 | rsq : 0.0 | msq : 0.0 | alpha_sq : 604979.625
Time : 1899 | rsq : 0.0 | msq : 0.0 | alpha_sq : 604979.625
Time : 1900 | rsq : 0.0 | msq : 0.0 | alpha_sq : 604979.625
Time : 1901 | rsq : 0.0 | msq : 0.0 | alpha_sq : 604979.625
Time : 1902 | rsq : 0.0 | msq : 0.0 | alpha_sq : 604979.625
Time : 1903 | rsq : 0.0 | msq : 0.0 | alpha_sq : 604979.625
Time : 1904 | rsq : 0.0 | msq : 0.0 | alpha_sq : 604979.625
Time : 1905 | rsq : 0.0 | msq : 0.0 | alpha_sq : 604979.625
Time : 1906 | rsq : 0.0 | msq : 0.0 | alpha_sq : 604979.625
Time : 1907 | rsq : 0.0 | msq : 0.0 | alpha_sq : 604979.625
Time : 1908 | rsq : 0.0 | msq : 0.0 | alpha_sq : 604979.625
Time : 1909 | rsq : 0.0 | msq : 0.0 | alpha_sq : 604979.625
Time : 1910 | rsq : 0.0 | msq : 0.0 | alpha_sq : 604979.625
Time : 1911 | rsq : 0.0 | msq : 0.0 | alpha_sq : 604979.625
Time : 1912 | rsq : 0.0 | msq : 0.0 | alpha_sq : 604979.625
Time : 1913 | rsq : 0.0 | msq : 0.0 | alpha_sq : 604979.625
Time : 1914 | rsq : 0.0 | msq : 0.0 | alpha_sq : 604979.625
Time : 1915 | rsq : 0.0 | msq : 0.0 | alpha_sq : 604979.625
Time : 1916 | rsq : 0.0 | msq : 0.0 | alpha_sq : 604979.625
Time : 1917 | rsq : 0.0 | msq : 0.0 | alpha_sq : 604979.625
Time : 1918 | rsq : 0.0 | msq : 0.0 | alpha_sq : 604979.625
Time : 1919 | rsq : 0.0 | msq : 0.0 | alpha_sq : 604979.625
Time : 1920 | rsq : 0.0 | msq : 0.0 | alpha_sq : 604979.625
Time : 1921 | rsq : 0.0 | msq : 0.0 | alpha_sq : 604979.625
Time : 1922 | rsq : 0.0 | msq : 0.0 | alpha_sq : 604979.625
Time : 1923 | rsq : 0.0 | msq : 0.0 | alpha_sq : 604979.625
Time : 1924 | rsq : 0.0 | msq : 0.0 | alpha_sq : 604979.625
Time : 1925 | rsq : 0.0 | msq : 0.0 | alpha_sq : 604979.625
Time : 1926 | rsq : 0.0 | msq : 0.0 | alpha_sq : 604979.625
Time : 1927 | rsq : 0.0 | msq : 0.0 | alpha_sq : 604979.625
Time : 1928 | rsq : 0.0 | msq : 0.0 | alpha_sq : 604979.625
Time : 1929 | rsq : 0.0 | msq : 0.0 | alpha_sq : 604979.625
Time : 1930 | rsq : 0.0 | msq : 0.0 | alpha_sq : 604979.625
Time : 1931 | rsq : 0.0 | msq : 0.0 | alpha_sq : 604979.625
Time : 1932 | rsq : 0.0 | msq : 0.0 | alpha_sq : 604979.625
Time : 1933 | rsq : 0.0 | msq : 0.0 | alpha_sq : 604979.625
Time : 1934 | rsq : 0.0 | msq : 0.0 | alpha_sq : 604979.625
Time : 1935 | rsq : 0.0 | msq : 0.0 | alpha_sq : 604979.625
Time : 1936 | rsq : 0.0 | msq : 0.0 | alpha_sq : 604979.625
Time : 1937 | rsq : 0.0 | msq : 0.0 | alpha_sq : 604979.625
Time : 1938 | rsq : 0.0 | msq : 0.0 | alpha_sq : 604979.625
Time : 1939 | rsq : 0.0 | msq : 0.0 | alpha_sq : 604979.625
Time : 1940 | rsq : 0.0 | msq : 0.0 | alpha_sq : 604979.625
Time : 1941 | rsq : 0.0 | msq : 0.0 | alpha_sq : 604979.625
Time : 1942 | rsq : 0.0 | msq : 0.0 | alpha_sq : 604979.625
Time : 1943 | rsq : 0.0 | msq : 0.0 | alpha_sq : 604979.625
Time : 1944 | rsq : 0.0 | msq : 0.0 | alpha_sq : 604979.625
Time : 1945 | rsq : 0.0 | msq : 0.0 | alpha_sq : 604979.625
Time : 1946 | rsq : 0.0 | msq : 0.0 | alpha_sq : 604979.625
Time : 1947 | rsq : 0.0 | msq : 0.0 | alpha_sq : 604979.625
Time : 1948 | rsq : 0.0 | msq : 0.0 | alpha_sq : 604979.625
Time : 1949 | rsq : 0.0 | msq : 0.0 | alpha_sq : 604979.625
Time : 1950 | rsq : 0.0 | msq : 0.0 | alpha_sq : 604979.625
Time : 1951 | rsq : 0.0 | msq : 0.0 | alpha_sq : 604979.625
Time : 1952 | rsq : 0.0 | msq : 0.0 | alpha_sq : 604979.625
Time : 1953 | rsq : 0.0 | msq : 0.0 | alpha_sq : 604979.625
Time : 1954 | rsq : 0.0 | msq : 0.0 | alpha_sq : 604979.625
Time : 1955 | rsq : 0.0 | msq : 0.0 | alpha_sq : 604979.625
Time : 1956 | rsq : 0.9060360193252563 | msq : 0.0 | alpha_sq : 0.6677213907241821
Time : 1957 | rsq : 0.0 | msq : 0.0 | alpha_sq : 604979.625
Time : 1958 | rsq : 0.0 | msq : 0.0 | alpha_sq : 604979.625
Time : 1959 | rsq : 0.0 | msq : 0.0 | alpha_sq : 604979.625
Time : 1960 | rsq : 0.0 | msq : 0.0 | alpha_sq : 604979.625
Time : 1961 | rsq : 0.0 | msq : 0.0 | alpha_sq : 604979.625
Time : 1962 | rsq : 0.0 | msq : 0.0 | alpha_sq : 604979.625
Time : 1963 | rsq : 0.0 | msq : 0.0 | alpha_sq : 604979.625
Time : 1964 | rsq : 0.0 | msq : 0.0 | alpha_sq : 604979.625
Time : 1965 | rsq : 0.0 | msq : 0.0 | alpha_sq : 604979.625
Time : 1966 | rsq : 0.0 | msq : 0.0 | alpha_sq : 604979.625
Time : 1967 | rsq : 0.0 | msq : 5.867563247680664 | alpha_sq : -5262583.5
Time : 1968 | rsq : 0.0 | msq : 0.9393113851547241 | alpha_sq : -334331.75
Time : 1969 | rsq : 0.0 | msq : 0.0 | alpha_sq : 604979.625
Time : 1970 | rsq : 0.27956923842430115 | msq : 0.3370439410209656 | alpha_sq : 0.9583876132965088
Time : 1971 | rsq : 0.0 | msq : 160.3427734375 | alpha_sq : -159737792.0
Time : 1972 | rsq : 0.0 | msq : 1.9665122032165527 | alpha_sq : -1361532.625
Time : 1973 | rsq : 0.0 | msq : 0.0 | alpha_sq : 604979.625
Time : 1974 | rsq : 0.0 | msq : 0.0 | alpha_sq : 604979.625
Time : 1975 | rsq : 0.0 | msq : 20.894908905029297 | alpha_sq : -20289928.0
Time : 1976 | rsq : 0.0 | msq : 0.0 | alpha_sq : 604979.625
Time : 1977 | rsq : 0.0 | msq : 1.1340878009796143 | alpha_sq : -529108.1875
Time : 1978 | rsq : 0.0 | msq : 10.29893684387207 | alpha_sq : -9693957.0
Time : 1979 | rsq : 0.9243132472038269 | msq : 0.0 | alpha_sq : 0.6545179486274719
Time : 1980 | rsq : 0.0 | msq : 0.4568926990032196 | alpha_sq : 148086.9375
Time : 1981 | rsq : 0.0 | msq : 1.374203085899353 | alpha_sq : -769223.4375
Time : 1982 | rsq : 0.027013201266527176 | msq : 0.8267809748649597 | alpha_sq : -8.21084976196289
Time : 1983 | rsq : 0.10401827841997147 | msq : 2.699293851852417 | alpha_sq : -20.134096145629883
Time : 1984 | rsq : 0.008742650039494038 | msq : 1.2023271322250366 | alpha_sq : -68.32567596435547
Time : 1985 | rsq : 3.2252838611602783 | msq : 1.7432444095611572 | alpha_sq : -0.35291925072669983
Time : 1986 | rsq : 0.6179497241973877 | msq : 3.130047082901001 | alpha_sq : -4.0862016677856445
Time : 1987 | rsq : 1.1868125200271606 | msq : 0.7860838174819946 | alpha_sq : -0.15259712934494019
Time : 1988 | rsq : 6.2652506828308105 | msq : 1.3361213207244873 | alpha_sq : -0.11669791489839554
Time : 1989 | rsq : 3.6619391441345215 | msq : 5.707345962524414 | alpha_sq : -1.3933509588241577
Time : 1990 | rsq : 0.7425028085708618 | msq : 6.398268699645996 | alpha_sq : -7.802380084991455
Time : 1991 | rsq : 1.61266028881073 | msq : 1.2071998119354248 | alpha_sq : -0.3734327554702759
Time : 1992 | rsq : 1.8374944925308228 | msq : 0.18806782364845276 | alpha_sq : 0.22689145803451538
Time : 1993 | rsq : 1.9771769046783447 | msq : 0.16845394670963287 | alpha_sq : 0.2207823246717453
Time : 1994 | rsq : 1.8252909183502197 | msq : 0.18037042021751404 | alpha_sq : 0.23262549936771393
Time : 1995 | rsq : 2.1064000129699707 | msq : 0.23082029819488525 | alpha_sq : 0.1776297688484192
Time : 1996 | rsq : 1.9412189722061157 | msq : 0.19635812938213348 | alpha_sq : 0.21049736440181732
Time : 1997 | rsq : 1.8275593519210815 | msq : 0.20733408629894257 | alpha_sq : 0.2175828218460083
Time : 1998 | rsq : 2.0819950103759766 | msq : 0.21648912131786346 | alpha_sq : 0.18659530580043793
Time : 1999 | rsq : 2.0181195735931396 | msq : 0.24402324855327606 | alpha_sq : 0.17885777354240417
Time : 2000 | rsq : 1.8263590335845947 | msq : 0.23244772851467133 | alpha_sq : 0.20397517085075378
Time : 2001 | rsq : 1.898232340812683 | msq : 0.2615477442741394 | alpha_sq : 0.18092194199562073
Time : 2002 | rsq : 1.8240723609924316 | msq : 0.275162011384964 | alpha_sq : 0.18081389367580414
Time : 2003 | rsq : 1.7487514019012451 | msq : 0.2971338629722595 | alpha_sq : 0.1760374754667282
Time : 2004 | rsq : 1.708052158355713 | msq : 0.2980092465877533 | alpha_sq : 0.17971956729888916
Time : 2005 | rsq : 1.6426864862442017 | msq : 0.30387285351753235 | alpha_sq : 0.1833014339208603
Time : 2006 | rsq : 1.499319076538086 | msq : 0.31130313873291016 | alpha_sq : 0.19587324559688568
Time : 2007 | rsq : 1.4317257404327393 | msq : 0.30065709352493286 | alpha_sq : 0.21255645155906677
Time : 2008 | rsq : 1.4509690999984741 | msq : 0.2967319190502167 | alpha_sq : 0.21244265139102936
Time : 2009 | rsq : 1.3423484563827515 | msq : 0.3193228840827942 | alpha_sq : 0.21280372142791748
Time : 2010 | rsq : 1.2938963174819946 | msq : 0.2937459945678711 | alpha_sq : 0.24053986370563507
Time : 2011 | rsq : 1.139613389968872 | msq : 0.2882758677005768 | alpha_sq : 0.27790457010269165
Time : 2012 | rsq : 1.0290203094482422 | msq : 0.28369656205177307 | alpha_sq : 0.31222227215766907
Time : 2013 | rsq : 1.0403108596801758 | msq : 0.30017879605293274 | alpha_sq : 0.29299014806747437
Time : 2014 | rsq : 1.0638766288757324 | msq : 0.2703798711299896 | alpha_sq : 0.31450992822647095
Time : 2015 | rsq : 0.9505106210708618 | msq : 0.26081812381744385 | alpha_sq : 0.3620806634426117
Time : 2016 | rsq : 0.7663573026657104 | msq : 0.24604164063930511 | alpha_sq : 0.4683689773082733
Time : 2017 | rsq : 0.7097309827804565 | msq : 0.23244555294513702 | alpha_sq : 0.5248947739601135
Modify train feats 4518.261120796204

 50%|?–ˆ?–ˆ?–ˆ?–ˆ?–ˆ     | 3/6 [58:17<58:04, 1161.57s/it]  Processing 4th features... 5553.418689727783
shapes : [111059956, 128]

Calculate means 5574.147814512253
Add norm values 5598.291557788849
Test var : 0.6730963506498514
Time : 1825 | rsq : 0.0 | msq : 0.0 | alpha_sq : 673096.375
Time : 1826 | rsq : 0.0 | msq : 0.0 | alpha_sq : 673096.375
Time : 1827 | rsq : 0.0 | msq : 0.0 | alpha_sq : 673096.375
Time : 1828 | rsq : 0.0 | msq : 0.0 | alpha_sq : 673096.375
Time : 1829 | rsq : 0.0 | msq : 0.0 | alpha_sq : 673096.375
Time : 1830 | rsq : 0.0 | msq : 0.0 | alpha_sq : 673096.375
Time : 1831 | rsq : 0.0 | msq : 0.0 | alpha_sq : 673096.375
Time : 1832 | rsq : 0.0 | msq : 0.0 | alpha_sq : 673096.375
Time : 1833 | rsq : 0.0 | msq : 0.0 | alpha_sq : 673096.375
Time : 1834 | rsq : 0.0 | msq : 0.0 | alpha_sq : 673096.375
Time : 1835 | rsq : 0.0 | msq : 0.0 | alpha_sq : 673096.375
Time : 1836 | rsq : 0.0 | msq : 0.0 | alpha_sq : 673096.375
Time : 1837 | rsq : 0.0 | msq : 0.0 | alpha_sq : 673096.375
Time : 1838 | rsq : 0.0 | msq : 0.0 | alpha_sq : 673096.375
Time : 1839 | rsq : 0.0 | msq : 0.0 | alpha_sq : 673096.375
Time : 1840 | rsq : 0.0 | msq : 0.0 | alpha_sq : 673096.375
Time : 1841 | rsq : 0.0 | msq : 0.0 | alpha_sq : 673096.375
Time : 1842 | rsq : 0.0 | msq : 0.0 | alpha_sq : 673096.375
Time : 1843 | rsq : 0.0 | msq : 0.0 | alpha_sq : 673096.375
Time : 1844 | rsq : 0.0 | msq : 0.0 | alpha_sq : 673096.375
Time : 1845 | rsq : 0.0 | msq : 0.0 | alpha_sq : 673096.375
Time : 1846 | rsq : 0.0 | msq : 0.0 | alpha_sq : 673096.375
Time : 1847 | rsq : 0.0 | msq : 0.0 | alpha_sq : 673096.375
Time : 1848 | rsq : 0.0 | msq : 0.0 | alpha_sq : 673096.375
Time : 1849 | rsq : 0.0 | msq : 0.0 | alpha_sq : 673096.375
Time : 1850 | rsq : 0.0 | msq : 0.0 | alpha_sq : 673096.375
Time : 1851 | rsq : 0.0 | msq : 0.0 | alpha_sq : 673096.375
Time : 1852 | rsq : 0.0 | msq : 0.0 | alpha_sq : 673096.375
Time : 1853 | rsq : 0.0 | msq : 0.0 | alpha_sq : 673096.375
Time : 1854 | rsq : 0.0 | msq : 0.0 | alpha_sq : 673096.375
Time : 1855 | rsq : 0.0 | msq : 0.0 | alpha_sq : 673096.375
Time : 1856 | rsq : 0.0 | msq : 0.0 | alpha_sq : 673096.375
Time : 1857 | rsq : 0.0 | msq : 0.0 | alpha_sq : 673096.375
Time : 1858 | rsq : 0.0 | msq : 0.0 | alpha_sq : 673096.375
Time : 1859 | rsq : 0.0 | msq : 0.0 | alpha_sq : 673096.375
Time : 1860 | rsq : 0.0 | msq : 0.0 | alpha_sq : 673096.375
Time : 1861 | rsq : 0.0 | msq : 0.0 | alpha_sq : 673096.375
Time : 1862 | rsq : 0.0 | msq : 0.0 | alpha_sq : 673096.375
Time : 1863 | rsq : 0.0 | msq : 0.0 | alpha_sq : 673096.375
Time : 1864 | rsq : 0.0 | msq : 0.0 | alpha_sq : 673096.375
Time : 1865 | rsq : 0.0 | msq : 0.0 | alpha_sq : 673096.375
Time : 1866 | rsq : 0.0 | msq : 0.0 | alpha_sq : 673096.375
Time : 1867 | rsq : 0.0 | msq : 0.0 | alpha_sq : 673096.375
Time : 1868 | rsq : 0.0 | msq : 0.0 | alpha_sq : 673096.375
Time : 1869 | rsq : 0.0 | msq : 0.0 | alpha_sq : 673096.375
Time : 1870 | rsq : 0.0 | msq : 0.0 | alpha_sq : 673096.375
Time : 1871 | rsq : 0.0 | msq : 0.0 | alpha_sq : 673096.375
Time : 1872 | rsq : 0.0 | msq : 0.0 | alpha_sq : 673096.375
Time : 1873 | rsq : 0.0 | msq : 0.0 | alpha_sq : 673096.375
Time : 1874 | rsq : 0.0 | msq : 0.0 | alpha_sq : 673096.375
Time : 1875 | rsq : 0.0 | msq : 0.0 | alpha_sq : 673096.375
Time : 1876 | rsq : 0.0 | msq : 0.0 | alpha_sq : 673096.375
Time : 1877 | rsq : 0.0 | msq : 0.0 | alpha_sq : 673096.375
Time : 1878 | rsq : 0.0 | msq : 0.0 | alpha_sq : 673096.375
Time : 1879 | rsq : 0.0 | msq : 0.0 | alpha_sq : 673096.375
Time : 1880 | rsq : 0.0 | msq : 0.0 | alpha_sq : 673096.375
Time : 1881 | rsq : 0.0 | msq : 0.0 | alpha_sq : 673096.375
Time : 1882 | rsq : 0.0 | msq : 0.0 | alpha_sq : 673096.375
Time : 1883 | rsq : 0.0 | msq : 0.0 | alpha_sq : 673096.375
Time : 1884 | rsq : 0.0 | msq : 0.0 | alpha_sq : 673096.375
Time : 1885 | rsq : 0.0 | msq : 0.0 | alpha_sq : 673096.375
Time : 1886 | rsq : 0.0 | msq : 0.0 | alpha_sq : 673096.375
Time : 1887 | rsq : 0.0 | msq : 0.0 | alpha_sq : 673096.375
Time : 1888 | rsq : 0.0 | msq : 0.0 | alpha_sq : 673096.375
Time : 1889 | rsq : 0.0 | msq : 0.0 | alpha_sq : 673096.375
Time : 1890 | rsq : 0.0 | msq : 0.0 | alpha_sq : 673096.375
Time : 1891 | rsq : 0.0 | msq : 0.0 | alpha_sq : 673096.375
Time : 1892 | rsq : 0.0 | msq : 0.0 | alpha_sq : 673096.375
Time : 1893 | rsq : 0.0 | msq : 0.0 | alpha_sq : 673096.375
Time : 1894 | rsq : 0.0 | msq : 0.0 | alpha_sq : 673096.375
Time : 1895 | rsq : 0.0 | msq : 0.0 | alpha_sq : 673096.375
Time : 1896 | rsq : 0.0 | msq : 0.0 | alpha_sq : 673096.375
Time : 1897 | rsq : 0.0 | msq : 0.0 | alpha_sq : 673096.375
Time : 1898 | rsq : 0.0 | msq : 0.0 | alpha_sq : 673096.375
Time : 1899 | rsq : 0.0 | msq : 0.0 | alpha_sq : 673096.375
Time : 1900 | rsq : 0.0 | msq : 0.0 | alpha_sq : 673096.375
Time : 1901 | rsq : 0.0 | msq : 0.0 | alpha_sq : 673096.375
Time : 1902 | rsq : 0.0 | msq : 0.0 | alpha_sq : 673096.375
Time : 1903 | rsq : 0.0 | msq : 0.0 | alpha_sq : 673096.375
Time : 1904 | rsq : 0.0 | msq : 0.0 | alpha_sq : 673096.375
Time : 1905 | rsq : 0.0 | msq : 0.0 | alpha_sq : 673096.375
Time : 1906 | rsq : 0.0 | msq : 0.0 | alpha_sq : 673096.375
Time : 1907 | rsq : 0.0 | msq : 0.0 | alpha_sq : 673096.375
Time : 1908 | rsq : 0.0 | msq : 0.0 | alpha_sq : 673096.375
Time : 1909 | rsq : 0.0 | msq : 0.0 | alpha_sq : 673096.375
Time : 1910 | rsq : 0.0 | msq : 0.0 | alpha_sq : 673096.375
Time : 1911 | rsq : 0.0 | msq : 0.0 | alpha_sq : 673096.375
Time : 1912 | rsq : 0.0 | msq : 0.0 | alpha_sq : 673096.375
Time : 1913 | rsq : 0.0 | msq : 0.0 | alpha_sq : 673096.375
Time : 1914 | rsq : 0.0 | msq : 0.0 | alpha_sq : 673096.375
Time : 1915 | rsq : 0.0 | msq : 0.0 | alpha_sq : 673096.375
Time : 1916 | rsq : 0.0 | msq : 0.0 | alpha_sq : 673096.375
Time : 1917 | rsq : 0.0 | msq : 0.0 | alpha_sq : 673096.375
Time : 1918 | rsq : 0.0 | msq : 0.0 | alpha_sq : 673096.375
Time : 1919 | rsq : 0.0 | msq : 0.0 | alpha_sq : 673096.375
Time : 1920 | rsq : 0.0 | msq : 0.0 | alpha_sq : 673096.375
Time : 1921 | rsq : 0.0 | msq : 0.0 | alpha_sq : 673096.375
Time : 1922 | rsq : 0.0 | msq : 0.0 | alpha_sq : 673096.375
Time : 1923 | rsq : 0.0 | msq : 0.0 | alpha_sq : 673096.375
Time : 1924 | rsq : 0.0 | msq : 0.0 | alpha_sq : 673096.375
Time : 1925 | rsq : 0.0 | msq : 0.0 | alpha_sq : 673096.375
Time : 1926 | rsq : 0.0 | msq : 0.0 | alpha_sq : 673096.375
Time : 1927 | rsq : 0.0 | msq : 0.0 | alpha_sq : 673096.375
Time : 1928 | rsq : 0.0 | msq : 0.0 | alpha_sq : 673096.375
Time : 1929 | rsq : 0.0 | msq : 0.0 | alpha_sq : 673096.375
Time : 1930 | rsq : 0.0 | msq : 0.0 | alpha_sq : 673096.375
Time : 1931 | rsq : 0.0 | msq : 0.0 | alpha_sq : 673096.375
Time : 1932 | rsq : 0.0 | msq : 0.0 | alpha_sq : 673096.375
Time : 1933 | rsq : 0.0 | msq : 0.0 | alpha_sq : 673096.375
Time : 1934 | rsq : 0.0 | msq : 0.0 | alpha_sq : 673096.375
Time : 1935 | rsq : 0.0 | msq : 0.0 | alpha_sq : 673096.375
Time : 1936 | rsq : 0.0 | msq : 0.0 | alpha_sq : 673096.375
Time : 1937 | rsq : 0.0 | msq : 0.0 | alpha_sq : 673096.375
Time : 1938 | rsq : 0.0 | msq : 0.0 | alpha_sq : 673096.375
Time : 1939 | rsq : 0.0 | msq : 0.0 | alpha_sq : 673096.375
Time : 1940 | rsq : 0.0 | msq : 0.0 | alpha_sq : 673096.375
Time : 1941 | rsq : 0.0 | msq : 0.0 | alpha_sq : 673096.375
Time : 1942 | rsq : 0.0 | msq : 0.0 | alpha_sq : 673096.375
Time : 1943 | rsq : 0.0 | msq : 0.0 | alpha_sq : 673096.375
Time : 1944 | rsq : 0.0 | msq : 0.0 | alpha_sq : 673096.375
Time : 1945 | rsq : 0.0 | msq : 0.0 | alpha_sq : 673096.375
Time : 1946 | rsq : 0.0 | msq : 0.0 | alpha_sq : 673096.375
Time : 1947 | rsq : 0.0 | msq : 0.0 | alpha_sq : 673096.375
Time : 1948 | rsq : 0.0 | msq : 0.0 | alpha_sq : 673096.375
Time : 1949 | rsq : 0.0 | msq : 0.0 | alpha_sq : 673096.375
Time : 1950 | rsq : 0.0 | msq : 0.0 | alpha_sq : 673096.375
Time : 1951 | rsq : 0.0 | msq : 0.0 | alpha_sq : 673096.375
Time : 1952 | rsq : 0.0 | msq : 0.0 | alpha_sq : 673096.375
Time : 1953 | rsq : 0.0 | msq : 0.0 | alpha_sq : 673096.375
Time : 1954 | rsq : 0.0 | msq : 0.0 | alpha_sq : 673096.375
Time : 1955 | rsq : 0.0 | msq : 0.0 | alpha_sq : 673096.375
Time : 1956 | rsq : 0.799452006816864 | msq : 0.0 | alpha_sq : 0.8419471979141235
Time : 1957 | rsq : 0.0 | msq : 0.0 | alpha_sq : 673096.375
Time : 1958 | rsq : 0.0 | msq : 0.0 | alpha_sq : 673096.375
Time : 1959 | rsq : 0.0 | msq : 0.0 | alpha_sq : 673096.375
Time : 1960 | rsq : 0.0 | msq : 0.0 | alpha_sq : 673096.375
Time : 1961 | rsq : 0.0 | msq : 0.0 | alpha_sq : 673096.375
Time : 1962 | rsq : 0.0 | msq : 0.0 | alpha_sq : 673096.375
Time : 1963 | rsq : 0.0 | msq : 0.0 | alpha_sq : 673096.375
Time : 1964 | rsq : 0.0 | msq : 0.0 | alpha_sq : 673096.375
Time : 1965 | rsq : 0.0 | msq : 0.0 | alpha_sq : 673096.375
Time : 1966 | rsq : 0.0 | msq : 0.0 | alpha_sq : 673096.375
Time : 1967 | rsq : 0.0 | msq : 4.326388835906982 | alpha_sq : -3653292.5
Time : 1968 | rsq : 0.0 | msq : 0.9887449741363525 | alpha_sq : -315648.625
Time : 1969 | rsq : 0.0 | msq : 0.0 | alpha_sq : 673096.375
Time : 1970 | rsq : 0.22059333324432373 | msq : 0.2959609031677246 | alpha_sq : 1.7096412181854248
Time : 1971 | rsq : 0.0 | msq : 120.99522399902344 | alpha_sq : -120322128.0
Time : 1972 | rsq : 0.0 | msq : 1.8423144817352295 | alpha_sq : -1169218.125
Time : 1973 | rsq : 0.0 | msq : 0.0 | alpha_sq : 673096.375
Time : 1974 | rsq : 0.0 | msq : 0.0 | alpha_sq : 673096.375
Time : 1975 | rsq : 0.0 | msq : 15.665604591369629 | alpha_sq : -14992508.0
Time : 1976 | rsq : 0.0 | msq : 0.0 | alpha_sq : 673096.375
Time : 1977 | rsq : 0.0 | msq : 0.9282271265983582 | alpha_sq : -255130.765625
Time : 1978 | rsq : 0.0 | msq : 9.538182258605957 | alpha_sq : -8865086.0
Time : 1979 | rsq : 0.4866373836994171 | msq : 0.0 | alpha_sq : 1.3831579685211182
Time : 1980 | rsq : 0.0 | msq : 0.4939475655555725 | alpha_sq : 179148.796875
Time : 1981 | rsq : 0.0 | msq : 1.4171148538589478 | alpha_sq : -744018.5
Time : 1982 | rsq : 0.021672485396265984 | msq : 0.7488729357719421 | alpha_sq : -3.496441602706909
Time : 1983 | rsq : 0.07821150869131088 | msq : 2.387143611907959 | alpha_sq : -21.915536880493164
Time : 1984 | rsq : 0.008075068704783916 | msq : 1.2039262056350708 | alpha_sq : -65.73688507080078
Time : 1985 | rsq : 2.997490882873535 | msq : 1.4545316696166992 | alpha_sq : -0.2606964707374573
Time : 1986 | rsq : 0.4877786338329315 | msq : 2.7886223793029785 | alpha_sq : -4.337061405181885
Time : 1987 | rsq : 1.0807288885116577 | msq : 0.776836633682251 | alpha_sq : -0.09599102288484573
Time : 1988 | rsq : 5.581465721130371 | msq : 1.176383137702942 | alpha_sq : -0.09017107635736465
Time : 1989 | rsq : 2.8019351959228516 | msq : 4.495777606964111 | alpha_sq : -1.3643003702163696
Time : 1990 | rsq : 0.6502739191055298 | msq : 5.149258136749268 | alpha_sq : -6.883502006530762
Time : 1991 | rsq : 1.4741158485412598 | msq : 1.0619819164276123 | alpha_sq : -0.26380935311317444
Time : 1992 | rsq : 1.6641303300857544 | msq : 0.16187958419322968 | alpha_sq : 0.30719754099845886
Time : 1993 | rsq : 1.7734205722808838 | msq : 0.146635502576828 | alpha_sq : 0.29686182737350464
Time : 1994 | rsq : 1.665827989578247 | msq : 0.15746678411960602 | alpha_sq : 0.3095335066318512
Time : 1995 | rsq : 1.896477460861206 | msq : 0.20127834379673004 | alpha_sq : 0.24878652393817902
Time : 1996 | rsq : 1.759120225906372 | msq : 0.17301253974437714 | alpha_sq : 0.2842806279659271
Time : 1997 | rsq : 1.6651276350021362 | msq : 0.18393531441688538 | alpha_sq : 0.29376789927482605
Time : 1998 | rsq : 1.8670393228530884 | msq : 0.19105488061904907 | alpha_sq : 0.2581849694252014
Time : 1999 | rsq : 1.7958719730377197 | msq : 0.2157898247241974 | alpha_sq : 0.25464317202568054
Time : 2000 | rsq : 1.646801233291626 | msq : 0.20706963539123535 | alpha_sq : 0.2829890549182892
Time : 2001 | rsq : 1.710111141204834 | msq : 0.23605544865131378 | alpha_sq : 0.2555628716945648
Time : 2002 | rsq : 1.639661431312561 | msq : 0.24829059839248657 | alpha_sq : 0.2590813934803009
Time : 2003 | rsq : 1.5927605628967285 | msq : 0.2718440294265747 | alpha_sq : 0.2519225776195526
Time : 2004 | rsq : 1.5547685623168945 | msq : 0.2724640667438507 | alpha_sq : 0.25767970085144043
Time : 2005 | rsq : 1.5027470588684082 | msq : 0.27897971868515015 | alpha_sq : 0.2622641324996948
Time : 2006 | rsq : 1.3779176473617554 | msq : 0.2875208258628845 | alpha_sq : 0.27982479333877563
Time : 2007 | rsq : 1.3157970905303955 | msq : 0.2774773836135864 | alpha_sq : 0.3006686866283417
Time : 2008 | rsq : 1.326002597808838 | msq : 0.27632394433021545 | alpha_sq : 0.29922446608543396
Time : 2009 | rsq : 1.237392544746399 | msq : 0.29995542764663696 | alpha_sq : 0.30155420303344727
Time : 2010 | rsq : 1.1933724880218506 | msq : 0.27360978722572327 | alpha_sq : 0.3347542881965637
Time : 2011 | rsq : 1.0651928186416626 | msq : 0.2703993618488312 | alpha_sq : 0.3780508041381836
Time : 2012 | rsq : 0.9726548790931702 | msq : 0.26767054200172424 | alpha_sq : 0.4168239235877991
Time : 2013 | rsq : 0.9662060737609863 | msq : 0.2874775528907776 | alpha_sq : 0.3991061747074127
Time : 2014 | rsq : 0.9562368988990784 | msq : 0.26052126288414 | alpha_sq : 0.431456983089447
Time : 2015 | rsq : 0.8700109720230103 | msq : 0.25228968262672424 | alpha_sq : 0.48367974162101746
Time : 2016 | rsq : 0.7307325005531311 | msq : 0.24241198599338531 | alpha_sq : 0.5893871784210205
Time : 2017 | rsq : 0.6852836608886719 | msq : 0.22913211584091187 | alpha_sq : 0.6478546857833862
Modify train feats 5662.7289316654205

 67%|?–ˆ?–ˆ?–ˆ?–ˆ?–ˆ?–ˆ?–‹   | 4/6 [1:17:27<38:33, 1156.81s/it]Processing 5th features... 6699.649754524231
shapes : [111059956, 128]

Calculate means 6720.333262681961
Add norm values 6744.323336839676
Test var : 0.6220426299609685
Time : 1825 | rsq : 0.0 | msq : 0.0 | alpha_sq : 622042.6875
Time : 1826 | rsq : 0.0 | msq : 0.0 | alpha_sq : 622042.6875
Time : 1827 | rsq : 0.0 | msq : 0.0 | alpha_sq : 622042.6875
Time : 1828 | rsq : 0.0 | msq : 0.0 | alpha_sq : 622042.6875
Time : 1829 | rsq : 0.0 | msq : 0.0 | alpha_sq : 622042.6875
Time : 1830 | rsq : 0.0 | msq : 0.0 | alpha_sq : 622042.6875
Time : 1831 | rsq : 0.0 | msq : 0.0 | alpha_sq : 622042.6875
Time : 1832 | rsq : 0.0 | msq : 0.0 | alpha_sq : 622042.6875
Time : 1833 | rsq : 0.0 | msq : 0.0 | alpha_sq : 622042.6875
Time : 1834 | rsq : 0.0 | msq : 0.0 | alpha_sq : 622042.6875
Time : 1835 | rsq : 0.0 | msq : 0.0 | alpha_sq : 622042.6875
Time : 1836 | rsq : 0.0 | msq : 0.0 | alpha_sq : 622042.6875
Time : 1837 | rsq : 0.0 | msq : 0.0 | alpha_sq : 622042.6875
Time : 1838 | rsq : 0.0 | msq : 0.0 | alpha_sq : 622042.6875
Time : 1839 | rsq : 0.0 | msq : 0.0 | alpha_sq : 622042.6875
Time : 1840 | rsq : 0.0 | msq : 0.0 | alpha_sq : 622042.6875
Time : 1841 | rsq : 0.0 | msq : 0.0 | alpha_sq : 622042.6875
Time : 1842 | rsq : 0.0 | msq : 0.0 | alpha_sq : 622042.6875
Time : 1843 | rsq : 0.0 | msq : 0.0 | alpha_sq : 622042.6875
Time : 1844 | rsq : 0.0 | msq : 0.0 | alpha_sq : 622042.6875
Time : 1845 | rsq : 0.0 | msq : 0.0 | alpha_sq : 622042.6875
Time : 1846 | rsq : 0.0 | msq : 0.0 | alpha_sq : 622042.6875
Time : 1847 | rsq : 0.0 | msq : 0.0 | alpha_sq : 622042.6875
Time : 1848 | rsq : 0.0 | msq : 0.0 | alpha_sq : 622042.6875
Time : 1849 | rsq : 0.0 | msq : 0.0 | alpha_sq : 622042.6875
Time : 1850 | rsq : 0.0 | msq : 0.0 | alpha_sq : 622042.6875
Time : 1851 | rsq : 0.0 | msq : 0.0 | alpha_sq : 622042.6875
Time : 1852 | rsq : 0.0 | msq : 0.0 | alpha_sq : 622042.6875
Time : 1853 | rsq : 0.0 | msq : 0.0 | alpha_sq : 622042.6875
Time : 1854 | rsq : 0.0 | msq : 0.0 | alpha_sq : 622042.6875
Time : 1855 | rsq : 0.0 | msq : 0.0 | alpha_sq : 622042.6875
Time : 1856 | rsq : 0.0 | msq : 0.0 | alpha_sq : 622042.6875
Time : 1857 | rsq : 0.0 | msq : 0.0 | alpha_sq : 622042.6875
Time : 1858 | rsq : 0.0 | msq : 0.0 | alpha_sq : 622042.6875
Time : 1859 | rsq : 0.0 | msq : 0.0 | alpha_sq : 622042.6875
Time : 1860 | rsq : 0.0 | msq : 0.0 | alpha_sq : 622042.6875
Time : 1861 | rsq : 0.0 | msq : 0.0 | alpha_sq : 622042.6875
Time : 1862 | rsq : 0.0 | msq : 0.0 | alpha_sq : 622042.6875
Time : 1863 | rsq : 0.0 | msq : 0.0 | alpha_sq : 622042.6875
Time : 1864 | rsq : 0.0 | msq : 0.0 | alpha_sq : 622042.6875
Time : 1865 | rsq : 0.0 | msq : 0.0 | alpha_sq : 622042.6875
Time : 1866 | rsq : 0.0 | msq : 0.0 | alpha_sq : 622042.6875
Time : 1867 | rsq : 0.0 | msq : 0.0 | alpha_sq : 622042.6875
Time : 1868 | rsq : 0.0 | msq : 0.0 | alpha_sq : 622042.6875
Time : 1869 | rsq : 0.0 | msq : 0.0 | alpha_sq : 622042.6875
Time : 1870 | rsq : 0.0 | msq : 0.0 | alpha_sq : 622042.6875
Time : 1871 | rsq : 0.0 | msq : 0.0 | alpha_sq : 622042.6875
Time : 1872 | rsq : 0.0 | msq : 0.0 | alpha_sq : 622042.6875
Time : 1873 | rsq : 0.0 | msq : 0.0 | alpha_sq : 622042.6875
Time : 1874 | rsq : 0.0 | msq : 0.0 | alpha_sq : 622042.6875
Time : 1875 | rsq : 0.0 | msq : 0.0 | alpha_sq : 622042.6875
Time : 1876 | rsq : 0.0 | msq : 0.0 | alpha_sq : 622042.6875
Time : 1877 | rsq : 0.0 | msq : 0.0 | alpha_sq : 622042.6875
Time : 1878 | rsq : 0.0 | msq : 0.0 | alpha_sq : 622042.6875
Time : 1879 | rsq : 0.0 | msq : 0.0 | alpha_sq : 622042.6875
Time : 1880 | rsq : 0.0 | msq : 0.0 | alpha_sq : 622042.6875
Time : 1881 | rsq : 0.0 | msq : 0.0 | alpha_sq : 622042.6875
Time : 1882 | rsq : 0.0 | msq : 0.0 | alpha_sq : 622042.6875
Time : 1883 | rsq : 0.0 | msq : 0.0 | alpha_sq : 622042.6875
Time : 1884 | rsq : 0.0 | msq : 0.0 | alpha_sq : 622042.6875
Time : 1885 | rsq : 0.0 | msq : 0.0 | alpha_sq : 622042.6875
Time : 1886 | rsq : 0.0 | msq : 0.0 | alpha_sq : 622042.6875
Time : 1887 | rsq : 0.0 | msq : 0.0 | alpha_sq : 622042.6875
Time : 1888 | rsq : 0.0 | msq : 0.0 | alpha_sq : 622042.6875
Time : 1889 | rsq : 0.0 | msq : 0.0 | alpha_sq : 622042.6875
Time : 1890 | rsq : 0.0 | msq : 0.0 | alpha_sq : 622042.6875
Time : 1891 | rsq : 0.0 | msq : 0.0 | alpha_sq : 622042.6875
Time : 1892 | rsq : 0.0 | msq : 0.0 | alpha_sq : 622042.6875
Time : 1893 | rsq : 0.0 | msq : 0.0 | alpha_sq : 622042.6875
Time : 1894 | rsq : 0.0 | msq : 0.0 | alpha_sq : 622042.6875
Time : 1895 | rsq : 0.0 | msq : 0.0 | alpha_sq : 622042.6875
Time : 1896 | rsq : 0.0 | msq : 0.0 | alpha_sq : 622042.6875
Time : 1897 | rsq : 0.0 | msq : 0.0 | alpha_sq : 622042.6875
Time : 1898 | rsq : 0.0 | msq : 0.0 | alpha_sq : 622042.6875
Time : 1899 | rsq : 0.0 | msq : 0.0 | alpha_sq : 622042.6875
Time : 1900 | rsq : 0.0 | msq : 0.0 | alpha_sq : 622042.6875
Time : 1901 | rsq : 0.0 | msq : 0.0 | alpha_sq : 622042.6875
Time : 1902 | rsq : 0.0 | msq : 0.0 | alpha_sq : 622042.6875
Time : 1903 | rsq : 0.0 | msq : 0.0 | alpha_sq : 622042.6875
Time : 1904 | rsq : 0.0 | msq : 0.0 | alpha_sq : 622042.6875
Time : 1905 | rsq : 0.0 | msq : 0.0 | alpha_sq : 622042.6875
Time : 1906 | rsq : 0.0 | msq : 0.0 | alpha_sq : 622042.6875
Time : 1907 | rsq : 0.0 | msq : 0.0 | alpha_sq : 622042.6875
Time : 1908 | rsq : 0.0 | msq : 0.0 | alpha_sq : 622042.6875
Time : 1909 | rsq : 0.0 | msq : 0.0 | alpha_sq : 622042.6875
Time : 1910 | rsq : 0.0 | msq : 0.0 | alpha_sq : 622042.6875
Time : 1911 | rsq : 0.0 | msq : 0.0 | alpha_sq : 622042.6875
Time : 1912 | rsq : 0.0 | msq : 0.0 | alpha_sq : 622042.6875
Time : 1913 | rsq : 0.0 | msq : 0.0 | alpha_sq : 622042.6875
Time : 1914 | rsq : 0.0 | msq : 0.0 | alpha_sq : 622042.6875
Time : 1915 | rsq : 0.0 | msq : 0.0 | alpha_sq : 622042.6875
Time : 1916 | rsq : 0.0 | msq : 0.0 | alpha_sq : 622042.6875
Time : 1917 | rsq : 0.0 | msq : 0.0 | alpha_sq : 622042.6875
Time : 1918 | rsq : 0.0 | msq : 0.0 | alpha_sq : 622042.6875
Time : 1919 | rsq : 0.0 | msq : 0.0 | alpha_sq : 622042.6875
Time : 1920 | rsq : 0.0 | msq : 0.0 | alpha_sq : 622042.6875
Time : 1921 | rsq : 0.0 | msq : 0.0 | alpha_sq : 622042.6875
Time : 1922 | rsq : 0.0 | msq : 0.0 | alpha_sq : 622042.6875
Time : 1923 | rsq : 0.0 | msq : 0.0 | alpha_sq : 622042.6875
Time : 1924 | rsq : 0.0 | msq : 0.0 | alpha_sq : 622042.6875
Time : 1925 | rsq : 0.0 | msq : 0.0 | alpha_sq : 622042.6875
Time : 1926 | rsq : 0.0 | msq : 0.0 | alpha_sq : 622042.6875
Time : 1927 | rsq : 0.0 | msq : 0.0 | alpha_sq : 622042.6875
Time : 1928 | rsq : 0.0 | msq : 0.0 | alpha_sq : 622042.6875
Time : 1929 | rsq : 0.0 | msq : 0.0 | alpha_sq : 622042.6875
Time : 1930 | rsq : 0.0 | msq : 0.0 | alpha_sq : 622042.6875
Time : 1931 | rsq : 0.0 | msq : 0.0 | alpha_sq : 622042.6875
Time : 1932 | rsq : 0.0 | msq : 0.0 | alpha_sq : 622042.6875
Time : 1933 | rsq : 0.0 | msq : 0.0 | alpha_sq : 622042.6875
Time : 1934 | rsq : 0.0 | msq : 0.0 | alpha_sq : 622042.6875
Time : 1935 | rsq : 0.0 | msq : 0.0 | alpha_sq : 622042.6875
Time : 1936 | rsq : 0.0 | msq : 0.0 | alpha_sq : 622042.6875
Time : 1937 | rsq : 0.0 | msq : 0.0 | alpha_sq : 622042.6875
Time : 1938 | rsq : 0.0 | msq : 0.0 | alpha_sq : 622042.6875
Time : 1939 | rsq : 0.0 | msq : 0.0 | alpha_sq : 622042.6875
Time : 1940 | rsq : 0.0 | msq : 0.0 | alpha_sq : 622042.6875
Time : 1941 | rsq : 0.0 | msq : 0.0 | alpha_sq : 622042.6875
Time : 1942 | rsq : 0.0 | msq : 0.0 | alpha_sq : 622042.6875
Time : 1943 | rsq : 0.0 | msq : 0.0 | alpha_sq : 622042.6875
Time : 1944 | rsq : 0.0 | msq : 0.0 | alpha_sq : 622042.6875
Time : 1945 | rsq : 0.0 | msq : 0.0 | alpha_sq : 622042.6875
Time : 1946 | rsq : 0.0 | msq : 0.0 | alpha_sq : 622042.6875
Time : 1947 | rsq : 0.0 | msq : 0.0 | alpha_sq : 622042.6875
Time : 1948 | rsq : 0.0 | msq : 0.0 | alpha_sq : 622042.6875
Time : 1949 | rsq : 0.0 | msq : 0.0 | alpha_sq : 622042.6875
Time : 1950 | rsq : 0.0 | msq : 0.0 | alpha_sq : 622042.6875
Time : 1951 | rsq : 0.0 | msq : 0.0 | alpha_sq : 622042.6875
Time : 1952 | rsq : 0.0 | msq : 0.0 | alpha_sq : 622042.6875
Time : 1953 | rsq : 0.0 | msq : 0.0 | alpha_sq : 622042.6875
Time : 1954 | rsq : 0.0 | msq : 0.0 | alpha_sq : 622042.6875
Time : 1955 | rsq : 0.0 | msq : 0.0 | alpha_sq : 622042.6875
Time : 1956 | rsq : 0.9062061309814453 | msq : 0.0 | alpha_sq : 0.6864251494407654
Time : 1957 | rsq : 0.0 | msq : 0.0 | alpha_sq : 622042.6875
Time : 1958 | rsq : 0.0 | msq : 0.0 | alpha_sq : 622042.6875
Time : 1959 | rsq : 0.0 | msq : 0.0 | alpha_sq : 622042.6875
Time : 1960 | rsq : 0.0 | msq : 0.0 | alpha_sq : 622042.6875
Time : 1961 | rsq : 0.0 | msq : 0.0 | alpha_sq : 622042.6875
Time : 1962 | rsq : 0.0 | msq : 0.0 | alpha_sq : 622042.6875
Time : 1963 | rsq : 0.0 | msq : 0.0 | alpha_sq : 622042.6875
Time : 1964 | rsq : 0.0 | msq : 0.0 | alpha_sq : 622042.6875
Time : 1965 | rsq : 0.0 | msq : 0.0 | alpha_sq : 622042.6875
Time : 1966 | rsq : 0.0 | msq : 0.0 | alpha_sq : 622042.6875
Time : 1967 | rsq : 0.0 | msq : 5.290863513946533 | alpha_sq : -4668821.0
Time : 1968 | rsq : 0.0 | msq : 1.10359525680542 | alpha_sq : -481552.59375
Time : 1969 | rsq : 0.0 | msq : 0.0 | alpha_sq : 622042.6875
Time : 1970 | rsq : 0.22367200255393982 | msq : 0.30673688650131226 | alpha_sq : 1.4096791744232178
Time : 1971 | rsq : 0.0 | msq : 144.54388427734375 | alpha_sq : -143921840.0
Time : 1972 | rsq : 0.0 | msq : 1.9738982915878296 | alpha_sq : -1351855.625
Time : 1973 | rsq : 0.0 | msq : 0.0 | alpha_sq : 622042.6875
Time : 1974 | rsq : 0.0 | msq : 0.0 | alpha_sq : 622042.6875
Time : 1975 | rsq : 0.0 | msq : 17.57400131225586 | alpha_sq : -16951958.0
Time : 1976 | rsq : 0.0 | msq : 0.0 | alpha_sq : 622042.6875
Time : 1977 | rsq : 0.0 | msq : 0.8547550439834595 | alpha_sq : -232712.390625
Time : 1978 | rsq : 0.0 | msq : 9.514385223388672 | alpha_sq : -8892343.0
Time : 1979 | rsq : 0.6377258896827698 | msq : 0.0 | alpha_sq : 0.9754075407981873
Time : 1980 | rsq : 0.0 | msq : 0.48605144023895264 | alpha_sq : 135991.21875
Time : 1981 | rsq : 0.0 | msq : 1.351906180381775 | alpha_sq : -729863.5
Time : 1982 | rsq : 0.02356266789138317 | msq : 0.756980299949646 | alpha_sq : -5.726755619049072
Time : 1983 | rsq : 0.08126367628574371 | msq : 2.5166640281677246 | alpha_sq : -23.31449317932129
Time : 1984 | rsq : 0.005300211254507303 | msq : 1.1571452617645264 | alpha_sq : -100.95873260498047
Time : 1985 | rsq : 3.2745659351348877 | msq : 1.5390515327453613 | alpha_sq : -0.28003981709480286
Time : 1986 | rsq : 0.5104578137397766 | msq : 2.9283828735351562 | alpha_sq : -4.518179893493652
Time : 1987 | rsq : 1.1350494623184204 | msq : 0.7822450399398804 | alpha_sq : -0.14114132523536682
Time : 1988 | rsq : 6.285361289978027 | msq : 1.2763739824295044 | alpha_sq : -0.10410401225090027
Time : 1989 | rsq : 3.3732690811157227 | msq : 5.226459503173828 | alpha_sq : -1.3649717569351196
Time : 1990 | rsq : 0.7189114689826965 | msq : 5.978895664215088 | alpha_sq : -7.451338768005371
Time : 1991 | rsq : 1.5627596378326416 | msq : 1.0953505039215088 | alpha_sq : -0.30286669731140137
Time : 1992 | rsq : 1.7888274192810059 | msq : 0.1642540544271469 | alpha_sq : 0.25591546297073364
Time : 1993 | rsq : 1.9261926412582397 | msq : 0.14602868258953094 | alpha_sq : 0.24712687730789185
Time : 1994 | rsq : 1.8015497922897339 | msq : 0.1556103527545929 | alpha_sq : 0.25890612602233887
Time : 1995 | rsq : 2.051936388015747 | msq : 0.20205485820770264 | alpha_sq : 0.2046787589788437
Time : 1996 | rsq : 1.9124482870101929 | msq : 0.17004141211509705 | alpha_sq : 0.23634691536426544
Time : 1997 | rsq : 1.7994085550308228 | msq : 0.1791202872991562 | alpha_sq : 0.24614885449409485
Time : 1998 | rsq : 2.0349373817443848 | msq : 0.18640601634979248 | alpha_sq : 0.2140786498785019
Time : 1999 | rsq : 1.9646365642547607 | msq : 0.2129589319229126 | alpha_sq : 0.2082236111164093
Time : 2000 | rsq : 1.7886738777160645 | msq : 0.20258142054080963 | alpha_sq : 0.2345096319913864
Time : 2001 | rsq : 1.859600305557251 | msq : 0.23172712326049805 | alpha_sq : 0.2098921686410904
Time : 2002 | rsq : 1.781135082244873 | msq : 0.2446185052394867 | alpha_sq : 0.21190091967582703
Time : 2003 | rsq : 1.7172820568084717 | msq : 0.26788145303726196 | alpha_sq : 0.20623356103897095
Time : 2004 | rsq : 1.6807060241699219 | msq : 0.2691137194633484 | alpha_sq : 0.20998850464820862
Time : 2005 | rsq : 1.6188393831253052 | msq : 0.2769670784473419 | alpha_sq : 0.21316233277320862
Time : 2006 | rsq : 1.4814879894256592 | msq : 0.2855677306652069 | alpha_sq : 0.227119579911232
Time : 2007 | rsq : 1.4169715642929077 | msq : 0.2749851942062378 | alpha_sq : 0.24492903053760529
Time : 2008 | rsq : 1.430678367614746 | msq : 0.2733272910118103 | alpha_sq : 0.24374127388000488
Time : 2009 | rsq : 1.3263506889343262 | msq : 0.2972550094127655 | alpha_sq : 0.24487313628196716
Time : 2010 | rsq : 1.2807585000991821 | msq : 0.26907065510749817 | alpha_sq : 0.2755960524082184
Time : 2011 | rsq : 1.133897066116333 | msq : 0.2659916877746582 | alpha_sq : 0.31400641798973083
Time : 2012 | rsq : 1.0267481803894043 | msq : 0.26234737038612366 | alpha_sq : 0.35032474994659424
Time : 2013 | rsq : 1.0263675451278687 | msq : 0.28251853585243225 | alpha_sq : 0.33080169558525085
Time : 2014 | rsq : 1.0364081859588623 | msq : 0.25433892011642456 | alpha_sq : 0.35478660464286804
Time : 2015 | rsq : 0.9333239197731018 | msq : 0.2443140745162964 | alpha_sq : 0.4047132730484009
Time : 2016 | rsq : 0.7619807720184326 | msq : 0.23251333832740784 | alpha_sq : 0.5112062096595764
Time : 2017 | rsq : 0.7099571228027344 | msq : 0.21825727820396423 | alpha_sq : 0.5687461495399475
Modify train feats 6808.931757688522

 83%|?–ˆ?–ˆ?–ˆ?–ˆ?–ˆ?–ˆ?–ˆ?–ˆ?–Ž | 5/6 [1:36:28<19:11, 1151.23s/it]Processing 6th features... 7836.604189634323
shapes : [111059956, 128]

Calculate means 7857.2888469696045
Add norm values 7881.4961903095245
Test var : 0.6420917516409874
Time : 1825 | rsq : 0.0 | msq : 0.0 | alpha_sq : 642091.75
Time : 1826 | rsq : 0.0 | msq : 0.0 | alpha_sq : 642091.75
Time : 1827 | rsq : 0.0 | msq : 0.0 | alpha_sq : 642091.75
Time : 1828 | rsq : 0.0 | msq : 0.0 | alpha_sq : 642091.75
Time : 1829 | rsq : 0.0 | msq : 0.0 | alpha_sq : 642091.75
Time : 1830 | rsq : 0.0 | msq : 0.0 | alpha_sq : 642091.75
Time : 1831 | rsq : 0.0 | msq : 0.0 | alpha_sq : 642091.75
Time : 1832 | rsq : 0.0 | msq : 0.0 | alpha_sq : 642091.75
Time : 1833 | rsq : 0.0 | msq : 0.0 | alpha_sq : 642091.75
Time : 1834 | rsq : 0.0 | msq : 0.0 | alpha_sq : 642091.75
Time : 1835 | rsq : 0.0 | msq : 0.0 | alpha_sq : 642091.75
Time : 1836 | rsq : 0.0 | msq : 0.0 | alpha_sq : 642091.75
Time : 1837 | rsq : 0.0 | msq : 0.0 | alpha_sq : 642091.75
Time : 1838 | rsq : 0.0 | msq : 0.0 | alpha_sq : 642091.75
Time : 1839 | rsq : 0.0 | msq : 0.0 | alpha_sq : 642091.75
Time : 1840 | rsq : 0.0 | msq : 0.0 | alpha_sq : 642091.75
Time : 1841 | rsq : 0.0 | msq : 0.0 | alpha_sq : 642091.75
Time : 1842 | rsq : 0.0 | msq : 0.0 | alpha_sq : 642091.75
Time : 1843 | rsq : 0.0 | msq : 0.0 | alpha_sq : 642091.75
Time : 1844 | rsq : 0.0 | msq : 0.0 | alpha_sq : 642091.75
Time : 1845 | rsq : 0.0 | msq : 0.0 | alpha_sq : 642091.75
Time : 1846 | rsq : 0.0 | msq : 0.0 | alpha_sq : 642091.75
Time : 1847 | rsq : 0.0 | msq : 0.0 | alpha_sq : 642091.75
Time : 1848 | rsq : 0.0 | msq : 0.0 | alpha_sq : 642091.75
Time : 1849 | rsq : 0.0 | msq : 0.0 | alpha_sq : 642091.75
Time : 1850 | rsq : 0.0 | msq : 0.0 | alpha_sq : 642091.75
Time : 1851 | rsq : 0.0 | msq : 0.0 | alpha_sq : 642091.75
Time : 1852 | rsq : 0.0 | msq : 0.0 | alpha_sq : 642091.75
Time : 1853 | rsq : 0.0 | msq : 0.0 | alpha_sq : 642091.75
Time : 1854 | rsq : 0.0 | msq : 0.0 | alpha_sq : 642091.75
Time : 1855 | rsq : 0.0 | msq : 0.0 | alpha_sq : 642091.75
Time : 1856 | rsq : 0.0 | msq : 0.0 | alpha_sq : 642091.75
Time : 1857 | rsq : 0.0 | msq : 0.0 | alpha_sq : 642091.75
Time : 1858 | rsq : 0.0 | msq : 0.0 | alpha_sq : 642091.75
Time : 1859 | rsq : 0.0 | msq : 0.0 | alpha_sq : 642091.75
Time : 1860 | rsq : 0.0 | msq : 0.0 | alpha_sq : 642091.75
Time : 1861 | rsq : 0.0 | msq : 0.0 | alpha_sq : 642091.75
Time : 1862 | rsq : 0.0 | msq : 0.0 | alpha_sq : 642091.75
Time : 1863 | rsq : 0.0 | msq : 0.0 | alpha_sq : 642091.75
Time : 1864 | rsq : 0.0 | msq : 0.0 | alpha_sq : 642091.75
Time : 1865 | rsq : 0.0 | msq : 0.0 | alpha_sq : 642091.75
Time : 1866 | rsq : 0.0 | msq : 0.0 | alpha_sq : 642091.75
Time : 1867 | rsq : 0.0 | msq : 0.0 | alpha_sq : 642091.75
Time : 1868 | rsq : 0.0 | msq : 0.0 | alpha_sq : 642091.75
Time : 1869 | rsq : 0.0 | msq : 0.0 | alpha_sq : 642091.75
Time : 1870 | rsq : 0.0 | msq : 0.0 | alpha_sq : 642091.75
Time : 1871 | rsq : 0.0 | msq : 0.0 | alpha_sq : 642091.75
Time : 1872 | rsq : 0.0 | msq : 0.0 | alpha_sq : 642091.75
Time : 1873 | rsq : 0.0 | msq : 0.0 | alpha_sq : 642091.75
Time : 1874 | rsq : 0.0 | msq : 0.0 | alpha_sq : 642091.75
Time : 1875 | rsq : 0.0 | msq : 0.0 | alpha_sq : 642091.75
Time : 1876 | rsq : 0.0 | msq : 0.0 | alpha_sq : 642091.75
Time : 1877 | rsq : 0.0 | msq : 0.0 | alpha_sq : 642091.75
Time : 1878 | rsq : 0.0 | msq : 0.0 | alpha_sq : 642091.75
Time : 1879 | rsq : 0.0 | msq : 0.0 | alpha_sq : 642091.75
Time : 1880 | rsq : 0.0 | msq : 0.0 | alpha_sq : 642091.75
Time : 1881 | rsq : 0.0 | msq : 0.0 | alpha_sq : 642091.75
Time : 1882 | rsq : 0.0 | msq : 0.0 | alpha_sq : 642091.75
Time : 1883 | rsq : 0.0 | msq : 0.0 | alpha_sq : 642091.75
Time : 1884 | rsq : 0.0 | msq : 0.0 | alpha_sq : 642091.75
Time : 1885 | rsq : 0.0 | msq : 0.0 | alpha_sq : 642091.75
Time : 1886 | rsq : 0.0 | msq : 0.0 | alpha_sq : 642091.75
Time : 1887 | rsq : 0.0 | msq : 0.0 | alpha_sq : 642091.75
Time : 1888 | rsq : 0.0 | msq : 0.0 | alpha_sq : 642091.75
Time : 1889 | rsq : 0.0 | msq : 0.0 | alpha_sq : 642091.75
Time : 1890 | rsq : 0.0 | msq : 0.0 | alpha_sq : 642091.75
Time : 1891 | rsq : 0.0 | msq : 0.0 | alpha_sq : 642091.75
Time : 1892 | rsq : 0.0 | msq : 0.0 | alpha_sq : 642091.75
Time : 1893 | rsq : 0.0 | msq : 0.0 | alpha_sq : 642091.75
Time : 1894 | rsq : 0.0 | msq : 0.0 | alpha_sq : 642091.75
Time : 1895 | rsq : 0.0 | msq : 0.0 | alpha_sq : 642091.75
Time : 1896 | rsq : 0.0 | msq : 0.0 | alpha_sq : 642091.75
Time : 1897 | rsq : 0.0 | msq : 0.0 | alpha_sq : 642091.75
Time : 1898 | rsq : 0.0 | msq : 0.0 | alpha_sq : 642091.75
Time : 1899 | rsq : 0.0 | msq : 0.0 | alpha_sq : 642091.75
Time : 1900 | rsq : 0.0 | msq : 0.0 | alpha_sq : 642091.75
Time : 1901 | rsq : 0.0 | msq : 0.0 | alpha_sq : 642091.75
Time : 1902 | rsq : 0.0 | msq : 0.0 | alpha_sq : 642091.75
Time : 1903 | rsq : 0.0 | msq : 0.0 | alpha_sq : 642091.75
Time : 1904 | rsq : 0.0 | msq : 0.0 | alpha_sq : 642091.75
Time : 1905 | rsq : 0.0 | msq : 0.0 | alpha_sq : 642091.75
Time : 1906 | rsq : 0.0 | msq : 0.0 | alpha_sq : 642091.75
Time : 1907 | rsq : 0.0 | msq : 0.0 | alpha_sq : 642091.75
Time : 1908 | rsq : 0.0 | msq : 0.0 | alpha_sq : 642091.75
Time : 1909 | rsq : 0.0 | msq : 0.0 | alpha_sq : 642091.75
Time : 1910 | rsq : 0.0 | msq : 0.0 | alpha_sq : 642091.75
Time : 1911 | rsq : 0.0 | msq : 0.0 | alpha_sq : 642091.75
Time : 1912 | rsq : 0.0 | msq : 0.0 | alpha_sq : 642091.75
Time : 1913 | rsq : 0.0 | msq : 0.0 | alpha_sq : 642091.75
Time : 1914 | rsq : 0.0 | msq : 0.0 | alpha_sq : 642091.75
Time : 1915 | rsq : 0.0 | msq : 0.0 | alpha_sq : 642091.75
Time : 1916 | rsq : 0.0 | msq : 0.0 | alpha_sq : 642091.75
Time : 1917 | rsq : 0.0 | msq : 0.0 | alpha_sq : 642091.75
Time : 1918 | rsq : 0.0 | msq : 0.0 | alpha_sq : 642091.75
Time : 1919 | rsq : 0.0 | msq : 0.0 | alpha_sq : 642091.75
Time : 1920 | rsq : 0.0 | msq : 0.0 | alpha_sq : 642091.75
Time : 1921 | rsq : 0.0 | msq : 0.0 | alpha_sq : 642091.75
Time : 1922 | rsq : 0.0 | msq : 0.0 | alpha_sq : 642091.75
Time : 1923 | rsq : 0.0 | msq : 0.0 | alpha_sq : 642091.75
Time : 1924 | rsq : 0.0 | msq : 0.0 | alpha_sq : 642091.75
Time : 1925 | rsq : 0.0 | msq : 0.0 | alpha_sq : 642091.75
Time : 1926 | rsq : 0.0 | msq : 0.0 | alpha_sq : 642091.75
Time : 1927 | rsq : 0.0 | msq : 0.0 | alpha_sq : 642091.75
Time : 1928 | rsq : 0.0 | msq : 0.0 | alpha_sq : 642091.75
Time : 1929 | rsq : 0.0 | msq : 0.0 | alpha_sq : 642091.75
Time : 1930 | rsq : 0.0 | msq : 0.0 | alpha_sq : 642091.75
Time : 1931 | rsq : 0.0 | msq : 0.0 | alpha_sq : 642091.75
Time : 1932 | rsq : 0.0 | msq : 0.0 | alpha_sq : 642091.75
Time : 1933 | rsq : 0.0 | msq : 0.0 | alpha_sq : 642091.75
Time : 1934 | rsq : 0.0 | msq : 0.0 | alpha_sq : 642091.75
Time : 1935 | rsq : 0.0 | msq : 0.0 | alpha_sq : 642091.75
Time : 1936 | rsq : 0.0 | msq : 0.0 | alpha_sq : 642091.75
Time : 1937 | rsq : 0.0 | msq : 0.0 | alpha_sq : 642091.75
Time : 1938 | rsq : 0.0 | msq : 0.0 | alpha_sq : 642091.75
Time : 1939 | rsq : 0.0 | msq : 0.0 | alpha_sq : 642091.75
Time : 1940 | rsq : 0.0 | msq : 0.0 | alpha_sq : 642091.75
Time : 1941 | rsq : 0.0 | msq : 0.0 | alpha_sq : 642091.75
Time : 1942 | rsq : 0.0 | msq : 0.0 | alpha_sq : 642091.75
Time : 1943 | rsq : 0.0 | msq : 0.0 | alpha_sq : 642091.75
Time : 1944 | rsq : 0.0 | msq : 0.0 | alpha_sq : 642091.75
Time : 1945 | rsq : 0.0 | msq : 0.0 | alpha_sq : 642091.75
Time : 1946 | rsq : 0.0 | msq : 0.0 | alpha_sq : 642091.75
Time : 1947 | rsq : 0.0 | msq : 0.0 | alpha_sq : 642091.75
Time : 1948 | rsq : 0.0 | msq : 0.0 | alpha_sq : 642091.75
Time : 1949 | rsq : 0.0 | msq : 0.0 | alpha_sq : 642091.75
Time : 1950 | rsq : 0.0 | msq : 0.0 | alpha_sq : 642091.75
Time : 1951 | rsq : 0.0 | msq : 0.0 | alpha_sq : 642091.75
Time : 1952 | rsq : 0.0 | msq : 0.0 | alpha_sq : 642091.75
Time : 1953 | rsq : 0.0 | msq : 0.0 | alpha_sq : 642091.75
Time : 1954 | rsq : 0.0 | msq : 0.0 | alpha_sq : 642091.75
Time : 1955 | rsq : 0.0 | msq : 0.0 | alpha_sq : 642091.75
Time : 1956 | rsq : 0.8658374547958374 | msq : 0.0 | alpha_sq : 0.7415846586227417
Time : 1957 | rsq : 0.0 | msq : 0.0 | alpha_sq : 642091.75
Time : 1958 | rsq : 0.0 | msq : 0.0 | alpha_sq : 642091.75
Time : 1959 | rsq : 0.0 | msq : 0.0 | alpha_sq : 642091.75
Time : 1960 | rsq : 0.0 | msq : 0.0 | alpha_sq : 642091.75
Time : 1961 | rsq : 0.0 | msq : 0.0 | alpha_sq : 642091.75
Time : 1962 | rsq : 0.0 | msq : 0.0 | alpha_sq : 642091.75
Time : 1963 | rsq : 0.0 | msq : 0.0 | alpha_sq : 642091.75
Time : 1964 | rsq : 0.0 | msq : 0.0 | alpha_sq : 642091.75
Time : 1965 | rsq : 0.0 | msq : 0.0 | alpha_sq : 642091.75
Time : 1966 | rsq : 0.0 | msq : 0.0 | alpha_sq : 642091.75
Time : 1967 | rsq : 0.0 | msq : 4.6747331619262695 | alpha_sq : -4032641.5
Time : 1968 | rsq : 0.0 | msq : 1.14786958694458 | alpha_sq : -505777.84375
Time : 1969 | rsq : 0.0 | msq : 0.0 | alpha_sq : 642091.75
Time : 1970 | rsq : 0.2031686007976532 | msq : 0.28689509630203247 | alpha_sq : 1.748285174369812
Time : 1971 | rsq : 0.0 | msq : 134.4535675048828 | alpha_sq : -133811480.0
Time : 1972 | rsq : 0.0 | msq : 1.9806435108184814 | alpha_sq : -1338551.75
Time : 1973 | rsq : 0.0 | msq : 0.0 | alpha_sq : 642091.75
Time : 1974 | rsq : 0.0 | msq : 0.0 | alpha_sq : 642091.75
Time : 1975 | rsq : 0.0 | msq : 16.067651748657227 | alpha_sq : -15425560.0
Time : 1976 | rsq : 0.0 | msq : 0.0 | alpha_sq : 642091.75
Time : 1977 | rsq : 0.0 | msq : 0.7736430168151855 | alpha_sq : -131551.265625
Time : 1978 | rsq : 0.0 | msq : 9.244203567504883 | alpha_sq : -8602112.0
Time : 1979 | rsq : 0.4964176118373871 | msq : 0.0 | alpha_sq : 1.2934508323669434
Time : 1980 | rsq : 0.0 | msq : 0.47651609778404236 | alpha_sq : 165575.65625
Time : 1981 | rsq : 0.0 | msq : 1.3362112045288086 | alpha_sq : -694119.4375
Time : 1982 | rsq : 0.02137460932135582 | msq : 0.7231550216674805 | alpha_sq : -3.7925031185150146
Time : 1983 | rsq : 0.07134823501110077 | msq : 2.416616916656494 | alpha_sq : -24.87132453918457
Time : 1984 | rsq : 0.004665822256356478 | msq : 1.1403836011886597 | alpha_sq : -106.79615020751953
Time : 1985 | rsq : 3.1911184787750244 | msq : 1.447373867034912 | alpha_sq : -0.2523510456085205
Time : 1986 | rsq : 0.4626544117927551 | msq : 2.7959890365600586 | alpha_sq : -4.655520915985107
Time : 1987 | rsq : 1.1023809909820557 | msq : 0.7787612676620483 | alpha_sq : -0.12397666275501251
Time : 1988 | rsq : 6.1768269538879395 | msq : 1.236303687095642 | alpha_sq : -0.09620019048452377
Time : 1989 | rsq : 3.0916941165924072 | msq : 4.858432769775391 | alpha_sq : -1.3637639284133911
Time : 1990 | rsq : 0.6899534463882446 | msq : 5.606486797332764 | alpha_sq : -7.195261001586914
Time : 1991 | rsq : 1.5248181819915771 | msq : 1.040398359298706 | alpha_sq : -0.26121580600738525
Time : 1992 | rsq : 1.7426165342330933 | msq : 0.1544656604528427 | alpha_sq : 0.27982407808303833
Time : 1993 | rsq : 1.8711515665054321 | msq : 0.13652104139328003 | alpha_sq : 0.27019229531288147
Time : 1994 | rsq : 1.7597318887710571 | msq : 0.14520175755023956 | alpha_sq : 0.28236687183380127
Time : 1995 | rsq : 1.9955358505249023 | msq : 0.18991179764270782 | alpha_sq : 0.22659575939178467
Time : 1996 | rsq : 1.8669743537902832 | msq : 0.15910623967647552 | alpha_sq : 0.25869959592819214
Time : 1997 | rsq : 1.7580772638320923 | msq : 0.16828706860542297 | alpha_sq : 0.26950162649154663
Time : 1998 | rsq : 1.9791841506958008 | msq : 0.17478400468826294 | alpha_sq : 0.23611129820346832
Time : 1999 | rsq : 1.9062410593032837 | msq : 0.20067718625068665 | alpha_sq : 0.23156282305717468
Time : 2000 | rsq : 1.7420618534088135 | msq : 0.1910787671804428 | alpha_sq : 0.2588960826396942
Time : 2001 | rsq : 1.810340166091919 | msq : 0.21995030343532562 | alpha_sq : 0.23318348824977875
Time : 2002 | rsq : 1.7338666915893555 | msq : 0.23224805295467377 | alpha_sq : 0.23637554049491882
Time : 2003 | rsq : 1.678293228149414 | msq : 0.2559530436992645 | alpha_sq : 0.23007822036743164
Time : 2004 | rsq : 1.6441882848739624 | msq : 0.2569311559200287 | alpha_sq : 0.23425577580928802
Time : 2005 | rsq : 1.5847556591033936 | msq : 0.26524531841278076 | alpha_sq : 0.2377946525812149
Time : 2006 | rsq : 1.45266854763031 | msq : 0.27396804094314575 | alpha_sq : 0.25341203808784485
Time : 2007 | rsq : 1.3904868364334106 | msq : 0.2637416422367096 | alpha_sq : 0.27209901809692383
Time : 2008 | rsq : 1.40142023563385 | msq : 0.262868195772171 | alpha_sq : 0.27059945464134216
Time : 2009 | rsq : 1.3032563924789429 | msq : 0.2870178818702698 | alpha_sq : 0.2724512815475464
Time : 2010 | rsq : 1.2582814693450928 | msq : 0.25821247696876526 | alpha_sq : 0.30508220195770264
Time : 2011 | rsq : 1.117379903793335 | msq : 0.2560197710990906 | alpha_sq : 0.3455154001712799
Time : 2012 | rsq : 1.0142995119094849 | msq : 0.2529449164867401 | alpha_sq : 0.3836606740951538
Time : 2013 | rsq : 1.0081195831298828 | msq : 0.27445313334465027 | alpha_sq : 0.3646775782108307
Time : 2014 | rsq : 1.0058562755584717 | msq : 0.2467995136976242 | alpha_sq : 0.39299076795578003
Time : 2015 | rsq : 0.9095823764801025 | msq : 0.23670613765716553 | alpha_sq : 0.44568324089050293
Time : 2016 | rsq : 0.7511022090911865 | msq : 0.22647503018379211 | alpha_sq : 0.5533424019813538
Time : 2017 | rsq : 0.7018857598304749 | msq : 0.21227601170539856 | alpha_sq : 0.6123728156089783
Modify train feats 7946.778089761734

100%|?–ˆ?–ˆ?–ˆ?–ˆ?–ˆ?–ˆ?–ˆ?–ˆ?–ˆ?–ˆ| 6/6 [1:55:30<00:00, 1148.08s/it]
100%|?–ˆ?–ˆ?–ˆ?–ˆ?–ˆ?–ˆ?–ˆ?–ˆ?–ˆ?–ˆ| 6/6 [1:55:30<00:00, 1155.13s/it]
