WARNING:root:The OGB package is out of date. Your version is 1.3.5, while the latest version is 1.3.6.
labels.shape : torch.Size([111059956])
First labals : -9223372036854775808

First 10 train idx
tensor(602)
tensor(684)
tensor(1384)
tensor(1525)
tensor(2127)
tensor(2184)
tensor(2205)
tensor(3965)
tensor(4200)
tensor(5031)
First 10 valid idx
tensor(57698)
tensor(145220)
tensor(599977)
tensor(692549)
tensor(730071)
tensor(787610)
tensor(790194)
tensor(852706)
tensor(885742)
tensor(968113)
First 10 text idx
tensor(43768)
tensor(122141)
tensor(251239)
tensor(458801)
tensor(503557)
tensor(671042)
tensor(1068741)
tensor(1416999)
tensor(1848797)
tensor(1884478)

Counting... 1000000/111059956
Counting... 2000000/111059956
Counting... 3000000/111059956
Counting... 4000000/111059956
Counting... 5000000/111059956
Counting... 6000000/111059956
Counting... 7000000/111059956
Counting... 8000000/111059956
Counting... 9000000/111059956
Counting... 10000000/111059956
Counting... 11000000/111059956
Counting... 12000000/111059956
Counting... 13000000/111059956
Counting... 14000000/111059956
Counting... 15000000/111059956
Counting... 16000000/111059956
Counting... 17000000/111059956
Counting... 18000000/111059956
Counting... 19000000/111059956
Counting... 20000000/111059956
Counting... 21000000/111059956
Counting... 22000000/111059956
Counting... 23000000/111059956
Counting... 24000000/111059956
Counting... 25000000/111059956
Counting... 26000000/111059956
Counting... 27000000/111059956
Counting... 28000000/111059956
Counting... 29000000/111059956
Counting... 30000000/111059956
Counting... 31000000/111059956
Counting... 32000000/111059956
Counting... 33000000/111059956
Counting... 34000000/111059956
Counting... 35000000/111059956
Counting... 36000000/111059956
Counting... 37000000/111059956
Counting... 38000000/111059956
Counting... 39000000/111059956
Counting... 40000000/111059956
Counting... 41000000/111059956
Counting... 42000000/111059956
Counting... 43000000/111059956
Counting... 44000000/111059956
Counting... 45000000/111059956
Counting... 46000000/111059956
Counting... 47000000/111059956
Counting... 48000000/111059956
Counting... 49000000/111059956
Counting... 50000000/111059956
Counting... 51000000/111059956
Counting... 52000000/111059956
Counting... 53000000/111059956
Counting... 54000000/111059956
Counting... 55000000/111059956
Counting... 56000000/111059956
Counting... 57000000/111059956
Counting... 58000000/111059956
Counting... 59000000/111059956
Counting... 60000000/111059956
Counting... 61000000/111059956
Counting... 62000000/111059956
Counting... 63000000/111059956
Counting... 64000000/111059956
Counting... 65000000/111059956
Counting... 66000000/111059956
Counting... 67000000/111059956
Counting... 68000000/111059956
Counting... 69000000/111059956
Counting... 70000000/111059956
Counting... 71000000/111059956
Counting... 72000000/111059956
Counting... 73000000/111059956
Counting... 74000000/111059956
Counting... 75000000/111059956
Counting... 76000000/111059956
Counting... 77000000/111059956
Counting... 78000000/111059956
Counting... 79000000/111059956
Counting... 80000000/111059956
Counting... 81000000/111059956
Counting... 82000000/111059956
Counting... 83000000/111059956
Counting... 84000000/111059956
Counting... 85000000/111059956
Counting... 86000000/111059956
Counting... 87000000/111059956
Counting... 88000000/111059956
Counting... 89000000/111059956
Counting... 90000000/111059956
Counting... 91000000/111059956
Counting... 92000000/111059956
Counting... 93000000/111059956
Counting... 94000000/111059956
Counting... 95000000/111059956
Counting... 96000000/111059956
Counting... 97000000/111059956
Counting... 98000000/111059956
Counting... 99000000/111059956
Counting... 100000000/111059956
Counting... 101000000/111059956
Counting... 102000000/111059956
Counting... 103000000/111059956
Counting... 104000000/111059956
Counting... 105000000/111059956
Counting... 106000000/111059956
Counting... 107000000/111059956
Counting... 108000000/111059956
Counting... 109000000/111059956
Counting... 110000000/111059956
Counting... 111000000/111059956
OOD : 7255
Time 1825 | Num : 361.0 | Ratio : 0.00029904430266469717
Time 1826 | Num : 346.0 | Ratio : 0.0002866186259780079
Time 1827 | Num : 460.0 | Ratio : 0.000381053687306121
Time 1828 | Num : 583.0 | Ratio : 0.00048294413136318326
Time 1829 | Num : 632.0 | Ratio : 0.0005235346034169197
Time 1830 | Num : 655.0 | Ratio : 0.0005425873096100986
Time 1831 | Num : 501.0 | Ratio : 0.00041501715895719826
Time 1832 | Num : 615.0 | Ratio : 0.0005094521911814809
Time 1833 | Num : 585.0 | Ratio : 0.0004846008669119328
Time 1834 | Num : 698.0 | Ratio : 0.0005782075459137559
Time 1835 | Num : 636.0 | Ratio : 0.0005268481327220798
Time 1836 | Num : 667.0 | Ratio : 0.0005525278393179178
Time 1837 | Num : 741.0 | Ratio : 0.0006138277822174132
Time 1838 | Num : 732.0 | Ratio : 0.0006063723703846335
Time 1839 | Num : 763.0 | Ratio : 0.0006320520769804716
Time 1840 | Num : 854.0 | Ratio : 0.0007074344321154058
Time 1841 | Num : 846.0 | Ratio : 0.0007008074317127466
Time 1842 | Num : 934.0 | Ratio : 0.0007737046689726412
Time 1843 | Num : 1025.0 | Ratio : 0.0008490870241075754
Time 1844 | Num : 946.0 | Ratio : 0.0007836451986804605
Time 1845 | Num : 976.0 | Ratio : 0.0008084964938461781
Time 1846 | Num : 1053.0 | Ratio : 0.000872281554620713
Time 1847 | Num : 994.0 | Ratio : 0.0008234073175117373
Time 1848 | Num : 910.0 | Ratio : 0.0007538236095570028
Time 1849 | Num : 897.0 | Ratio : 0.0007430546684190631
Time 1850 | Num : 1060.0 | Ratio : 0.0008780802018009126
Time 1851 | Num : 1044.0 | Ratio : 0.0008648262009955943
Time 1852 | Num : 1071.0 | Ratio : 0.0008871923782862723
Time 1853 | Num : 1222.0 | Ratio : 0.0010122774401679635
Time 1854 | Num : 1236.0 | Ratio : 0.001023874618113041
Time 1855 | Num : 1192.0 | Ratio : 0.000987426028586924
Time 1856 | Num : 1255.0 | Ratio : 0.0010396138532087207
Time 1857 | Num : 1474.0 | Ratio : 0.0012210285058245063
Time 1858 | Num : 1381.0 | Ratio : 0.001143989386036992
Time 1859 | Num : 1432.0 | Ratio : 0.0011862366227433085
Time 1860 | Num : 1617.0 | Ratio : 0.0013394865673035383
Time 1861 | Num : 1489.0 | Ratio : 0.001233454211615026
Time 1862 | Num : 1578.0 | Ratio : 0.0013071798020973802
Time 1863 | Num : 1529.0 | Ratio : 0.0012665892718359828
Time 1864 | Num : 1514.0 | Ratio : 0.001254163682460785
Time 1865 | Num : 1625.0 | Ratio : 0.0013461135094985366
Time 1866 | Num : 1798.0 | Ratio : 0.0014894228661432862
Time 1867 | Num : 1861.0 | Ratio : 0.0015416106907650828
Time 1868 | Num : 1985.0 | Ratio : 0.0016443295171484351
Time 1869 | Num : 2241.0 | Ratio : 0.001856394112110138
Time 1870 | Num : 2528.0 | Ratio : 0.002094138413667679
Time 1871 | Num : 2303.0 | Ratio : 0.001907753525301814
Time 1872 | Num : 2641.0 | Ratio : 0.0021877451799809933
Time 1873 | Num : 2718.0 | Ratio : 0.002251530298963189
Time 1874 | Num : 2884.0 | Ratio : 0.002389041008427739
Time 1875 | Num : 2869.0 | Ratio : 0.0023766153026372194
Time 1876 | Num : 3001.0 | Ratio : 0.002485961187630892
Time 1877 | Num : 3247.0 | Ratio : 0.0026897420175373554
Time 1878 | Num : 3465.0 | Ratio : 0.0028703282587230206
Time 1879 | Num : 3760.0 | Ratio : 0.0031146996188908815
Time 1880 | Num : 3940.0 | Ratio : 0.003263807622715831
Time 1881 | Num : 3808.0 | Ratio : 0.0031544617377221584
Time 1882 | Num : 3976.0 | Ratio : 0.0032936292700469494
Time 1883 | Num : 4381.0 | Ratio : 0.0036291221622377634
Time 1884 | Num : 4546.0 | Ratio : 0.003765804460272193
Time 1885 | Num : 4664.0 | Ratio : 0.003863553050905466
Time 1886 | Num : 4853.0 | Ratio : 0.004020116291940212
Time 1887 | Num : 5356.0 | Ratio : 0.004436790011823177
Time 1888 | Num : 5357.0 | Ratio : 0.004437618423253298
Time 1889 | Num : 5751.0 | Ratio : 0.004763999488204718
Time 1890 | Num : 5850.0 | Ratio : 0.004846008960157633
Time 1891 | Num : 6130.0 | Ratio : 0.0050779543817043304
Time 1892 | Num : 6334.0 | Ratio : 0.005246943328529596
Time 1893 | Num : 6820.0 | Ratio : 0.005649534985423088
Time 1894 | Num : 7783.0 | Ratio : 0.006447262596338987
Time 1895 | Num : 8439.0 | Ratio : 0.006990678142756224
Time 1896 | Num : 8825.0 | Ratio : 0.00731043191626668
Time 1897 | Num : 9668.0 | Ratio : 0.008008753880858421
Time 1898 | Num : 10710.0 | Ratio : 0.008871924132108688
Time 1899 | Num : 14106.0 | Ratio : 0.011685093864798546
Time 1900 | Num : 15476.0 | Ratio : 0.012819970957934856
Time 1901 | Num : 15910.0 | Ratio : 0.013179486617445946
Time 1902 | Num : 17176.0 | Ratio : 0.014228212647140026
Time 1903 | Num : 18391.0 | Ratio : 0.015234692022204399
Time 1904 | Num : 18780.0 | Ratio : 0.01555693056434393
Time 1905 | Num : 19993.0 | Ratio : 0.016561752185225487
Time 1906 | Num : 20062.0 | Ratio : 0.016618911176919937
Time 1907 | Num : 21518.0 | Ratio : 0.01782502792775631
Time 1908 | Num : 22289.0 | Ratio : 0.018463708460330963
Time 1909 | Num : 24085.0 | Ratio : 0.0199514739215374
Time 1910 | Num : 25036.0 | Ratio : 0.02073926106095314
Time 1911 | Num : 25938.0 | Ratio : 0.02148645743727684
Time 1912 | Num : 27234.0 | Ratio : 0.022560033947229385
Time 1913 | Num : 28651.0 | Ratio : 0.023733844980597496
Time 1914 | Num : 27271.0 | Ratio : 0.02259068377315998
Time 1915 | Num : 24136.0 | Ratio : 0.019993720576167107
Time 1916 | Num : 22612.0 | Ratio : 0.01873127371072769
Time 1917 | Num : 21584.0 | Ratio : 0.017879702150821686
Time 1918 | Num : 19226.0 | Ratio : 0.015926387161016464
Time 1919 | Num : 19468.0 | Ratio : 0.016126854345202446
Time 1920 | Num : 27437.0 | Ratio : 0.022728195413947105
Time 1921 | Num : 30594.0 | Ratio : 0.025343382731080055
Time 1922 | Num : 33567.0 | Ratio : 0.027806149795651436
Time 1923 | Num : 36422.0 | Ratio : 0.030171167105436325
Time 1924 | Num : 39869.0 | Ratio : 0.03302658349275589
Time 1925 | Num : 42350.0 | Ratio : 0.03508178889751434
Time 1926 | Num : 45381.0 | Ratio : 0.03759260103106499
Time 1927 | Num : 46210.0 | Ratio : 0.03827932849526405
Time 1928 | Num : 48361.0 | Ratio : 0.04006116837263107
Time 1929 | Num : 51300.0 | Ratio : 0.04249576851725578
Time 1930 | Num : 56178.0 | Ratio : 0.04653659462928772
Time 1931 | Num : 57344.0 | Ratio : 0.047502484172582626
Time 1932 | Num : 59967.0 | Ratio : 0.049675315618515015
Time 1933 | Num : 58908.0 | Ratio : 0.04879806563258171
Time 1934 | Num : 58581.0 | Ratio : 0.04852718487381935
Time 1935 | Num : 59520.0 | Ratio : 0.049305032938718796
Time 1936 | Num : 60759.0 | Ratio : 0.050331391394138336
Time 1937 | Num : 61203.0 | Ratio : 0.05069919303059578
Time 1938 | Num : 62866.0 | Ratio : 0.052076783031225204
Time 1939 | Num : 65869.0 | Ratio : 0.054564401507377625
Time 1940 | Num : 64128.0 | Ratio : 0.05312219634652138
Time 1941 | Num : 59596.0 | Ratio : 0.0493679903447628
Time 1942 | Num : 56510.0 | Ratio : 0.04681161791086197
Time 1943 | Num : 51775.0 | Ratio : 0.042889248579740524
Time 1944 | Num : 47822.0 | Ratio : 0.03961467370390892
Time 1945 | Num : 47044.0 | Ratio : 0.03897019475698471
Time 1946 | Num : 57164.0 | Ratio : 0.04735337570309639
Time 1947 | Num : 65882.0 | Ratio : 0.05457517132163048
Time 1948 | Num : 75720.0 | Ratio : 0.06272474676370621
Time 1949 | Num : 88111.0 | Ratio : 0.07298917323350906
Time 1950 | Num : 105368.0 | Ratio : 0.08728449046611786
Time 1951 | Num : 120542.0 | Ratio : 0.09985429048538208
Time 1952 | Num : 130039.0 | Ratio : 0.10772138833999634
Time 1953 | Num : 139302.0 | Ratio : 0.11539465188980103
Time 1954 | Num : 137710.0 | Ratio : 0.11407587677240372
Time 1955 | Num : 140616.0 | Ratio : 0.11648313701152802
Time 1956 | Num : 152079.0 | Ratio : 0.12597882747650146
Time 1957 | Num : 166982.0 | Ratio : 0.13832414150238037
Time 1958 | Num : 176279.0 | Ratio : 0.14602556824684143
Time 1959 | Num : 184258.0 | Ratio : 0.15263518691062927
Time 1960 | Num : 204568.0 | Ratio : 0.1694595366716385
Time 1961 | Num : 211020.0 | Ratio : 0.17480424046516418
Time 1962 | Num : 223560.0 | Ratio : 0.18519209325313568
Time 1963 | Num : 235152.0 | Ratio : 0.1947946399450302
Time 1964 | Num : 258526.0 | Ratio : 0.2141571342945099
Time 1965 | Num : 289804.0 | Ratio : 0.24006712436676025
Time 1966 | Num : 309923.0 | Ratio : 0.2567332684993744
Time 1967 | Num : 334209.0 | Ratio : 0.27685123682022095
Time 1968 | Num : 362727.0 | Ratio : 0.3004749119281769
Time 1969 | Num : 398836.0 | Ratio : 0.33038678765296936
Time 1970 | Num : 446405.0 | Ratio : 0.3697918951511383
Time 1971 | Num : 432863.0 | Ratio : 0.3585740029811859
Time 1972 | Num : 449111.0 | Ratio : 0.3720334768295288
Time 1973 | Num : 472695.0 | Ratio : 0.39156994223594666
Time 1974 | Num : 483648.0 | Ratio : 0.40064314007759094
Time 1975 | Num : 515842.0 | Ratio : 0.4273119270801544
Time 1976 | Num : 559124.0 | Ratio : 0.4631657898426056
Time 1977 | Num : 630397.0 | Ratio : 0.522206723690033
Time 1978 | Num : 658520.0 | Ratio : 0.5455031991004944
Time 1979 | Num : 688968.0 | Ratio : 0.5707256197929382
Time 1980 | Num : 753612.0 | Ratio : 0.624275267124176
Time 1981 | Num : 774206.0 | Ratio : 0.6413348913192749
Time 1982 | Num : 812036.0 | Ratio : 0.6726723909378052
Time 1983 | Num : 855806.0 | Ratio : 0.708930492401123
Time 1984 | Num : 907562.0 | Ratio : 0.751803994178772
Time 1985 | Num : 949851.0 | Ratio : 0.786835253238678
Time 1986 | Num : 1010783.0 | Ratio : 0.8373099565505981
Time 1987 | Num : 1070499.0 | Ratio : 0.8867773413658142
Time 1988 | Num : 1134089.0 | Ratio : 0.9394538998603821
Time 1989 | Num : 1193563.0 | Ratio : 0.9887208342552185
Time 1990 | Num : 1270674.0 | Ratio : 1.0525978803634644
Time 1991 | Num : 1295058.0 | Ratio : 1.0727969408035278
Time 1992 | Num : 1362754.0 | Ratio : 1.1288748979568481
Time 1993 | Num : 1383327.0 | Ratio : 1.1459170579910278
Time 1994 | Num : 1492912.0 | Ratio : 1.2366948127746582
Time 1995 | Num : 1553097.0 | Ratio : 1.286550760269165
Time 1996 | Num : 1613013.0 | Ratio : 1.336183786392212
Time 1997 | Num : 1689686.0 | Ratio : 1.39969801902771
Time 1998 | Num : 1796215.0 | Ratio : 1.48794424533844
Time 1999 | Num : 1879062.0 | Ratio : 1.5565727949142456
Time 2000 | Num : 2031531.0 | Ratio : 1.6828746795654297
Time 2001 | Num : 2159992.0 | Ratio : 1.789288878440857
Time 2002 | Num : 2313686.0 | Ratio : 1.9166055917739868
Time 2003 | Num : 2442668.0 | Ratio : 2.023451328277588
Time 2004 | Num : 2618820.0 | Ratio : 2.1693718433380127
Time 2005 | Num : 2819705.0 | Ratio : 2.335780382156372
Time 2006 | Num : 3078489.0 | Ratio : 2.5501511096954346
Time 2007 | Num : 3282226.0 | Ratio : 2.7189223766326904
Time 2008 | Num : 3500805.0 | Ratio : 2.8999884128570557
Time 2009 | Num : 3694008.0 | Ratio : 3.0600333213806152
Time 2010 | Num : 3947217.0 | Ratio : 3.2697861194610596
Time 2011 | Num : 4190639.0 | Ratio : 3.471431255340576
Time 2012 | Num : 4572571.0 | Ratio : 3.7878153324127197
Time 2013 | Num : 4970292.0 | Ratio : 4.117278575897217
Time 2014 | Num : 5114780.0 | Ratio : 4.236968994140625
Time 2015 | Num : 5125499.0 | Ratio : 4.245848178863525
Time 2016 | Num : 4898387.0 | Ratio : 4.057713985443115
Time 2017 | Num : 4689874.0 | Ratio : 3.884986400604248
Time 2018 | Num : 4043435.0 | Ratio : 3.3494908809661865
Time 2019 | Num : 3663763.0 | Ratio : 3.0349791049957275
Time 2020 | Num : 1217597.0 | Ratio : 1.0086300373077393
Time 2021 | Num : 35.0 | Ratio : 2.8993214073125273e-05
Time 2022 | Num : 1.0 | Ratio : 8.283775514428271e-07
Time 2023 | Num : 1.0 | Ratio : 8.283775514428271e-07
Time 2024 | Num : 1.0 | Ratio : 8.283775514428271e-07

train : torch.Size([1207179])
max min ; 2017, 1825
max min ; 171, 0

valid : torch.Size([125265])
Year max min ; 2018, 2018
Label max min ; 170, 4

test : torch.Size([214338])
Year max min ; 2020, 2019
Label max min ; 170, 4
Flush
